
============= MEMWATCH 2.71 Copyright (C) 1992-1999 Johan Lindh =============

Started at Sun Nov 22 14:47:37 2015

Modes: __STDC__ 64-bit mwDWORD==(unsigned int)
mwROUNDALLOC==8 sizeof(mwData)==56 mwDataSize==56


Stopped at Sun Nov 22 14:47:37 2015

unfreed: <11> procnanny.server.c(166), 255 bytes at 0xcb2c40  	{28 74 65 73 74 20 35 29 28 61 2E 6F 75 74 20 31 (test 5)(a.out 1}
unfreed: <4> procnanny.server.c(33), 255 bytes at 0xcb2af0  	{63 6F 6E 66 69 67 00 FE FE FE FE FE FE FE FE FE config..........}
unfreed: <3> procnanny.server.c(32), 255 bytes at 0xcb2350  	{5B 53 75 6E 20 4E 6F 76 20 32 32 20 31 34 3A 34 [Sun Nov 22 14:4}

Memory usage statistics (global):
 N)umber of allocations made: 12
 L)argest memory usage      : 1276
 T)otal of all alloc() calls: 2552
 U)nfreed bytes totals      : 765

============= MEMWATCH 2.71 Copyright (C) 1992-1999 Johan Lindh =============

Started at Sun Nov 22 14:47:43 2015

Modes: __STDC__ 64-bit mwDWORD==(unsigned int)
mwROUNDALLOC==8 sizeof(mwData)==56 mwDataSize==56


Stopped at Sun Nov 22 14:47:43 2015

unfreed: <11> procnanny.server.c(166), 255 bytes at 0x1017c40  	{28 74 65 73 74 20 35 29 28 61 2E 6F 75 74 20 31 (test 5)(a.out 1}
unfreed: <4> procnanny.server.c(33), 255 bytes at 0x1017af0  	{63 6F 6E 66 69 67 00 FE FE FE FE FE FE FE FE FE config..........}
unfreed: <3> procnanny.server.c(32), 255 bytes at 0x1017350  	{5B 53 75 6E 20 4E 6F 76 20 32 32 20 31 34 3A 34 [Sun Nov 22 14:4}

Memory usage statistics (global):
 N)umber of allocations made: 12
 L)argest memory usage      : 1276
 T)otal of all alloc() calls: 2552
 U)nfreed bytes totals      : 765

============= MEMWATCH 2.71 Copyright (C) 1992-1999 Johan Lindh =============

Started at Sun Nov 22 14:47:50 2015

Modes: __STDC__ 64-bit mwDWORD==(unsigned int)
mwROUNDALLOC==8 sizeof(mwData)==56 mwDataSize==56


Stopped at Sun Nov 22 14:47:50 2015

unfreed: <11> procnanny.server.c(166), 255 bytes at 0x1262c40  	{28 74 65 73 74 20 35 29 28 61 2E 6F 75 74 20 31 (test 5)(a.out 1}
unfreed: <4> procnanny.server.c(33), 255 bytes at 0x1262af0  	{63 6F 6E 66 69 67 00 FE FE FE FE FE FE FE FE FE config..........}
unfreed: <3> procnanny.server.c(32), 255 bytes at 0x1262350  	{5B 53 75 6E 20 4E 6F 76 20 32 32 20 31 34 3A 34 [Sun Nov 22 14:4}

Memory usage statistics (global):
 N)umber of allocations made: 12
 L)argest memory usage      : 1276
 T)otal of all alloc() calls: 2552
 U)nfreed bytes totals      : 765

============= MEMWATCH 2.71 Copyright (C) 1992-1999 Johan Lindh =============

Started at Sun Nov 22 14:47:57 2015

Modes: __STDC__ 64-bit mwDWORD==(unsigned int)
mwROUNDALLOC==8 sizeof(mwData)==56 mwDataSize==56


Stopped at Sun Nov 22 14:47:57 2015

unfreed: <11> procnanny.server.c(166), 255 bytes at 0x11f0c40  	{28 74 65 73 74 20 35 29 28 61 2E 6F 75 74 20 31 (test 5)(a.out 1}
unfreed: <4> procnanny.server.c(33), 255 bytes at 0x11f0af0  	{63 6F 6E 66 69 67 00 FE FE FE FE FE FE FE FE FE config..........}
unfreed: <3> procnanny.server.c(32), 255 bytes at 0x11f0350  	{5B 53 75 6E 20 4E 6F 76 20 32 32 20 31 34 3A 34 [Sun Nov 22 14:4}

Memory usage statistics (global):
 N)umber of allocations made: 12
 L)argest memory usage      : 1276
 T)otal of all alloc() calls: 2552
 U)nfreed bytes totals      : 765

============= MEMWATCH 2.71 Copyright (C) 1992-1999 Johan Lindh =============

Started at Sun Nov 22 14:48:06 2015

Modes: __STDC__ 64-bit mwDWORD==(unsigned int)
mwROUNDALLOC==8 sizeof(mwData)==56 mwDataSize==56


Stopped at Sun Nov 22 14:48:06 2015

unfreed: <11> procnanny.server.c(166), 255 bytes at 0x213cc40  	{28 74 65 73 74 20 35 29 28 61 2E 6F 75 74 20 31 (test 5)(a.out 1}
unfreed: <4> procnanny.server.c(33), 255 bytes at 0x213caf0  	{63 6F 6E 66 69 67 00 FE FE FE FE FE FE FE FE FE config..........}
unfreed: <3> procnanny.server.c(32), 255 bytes at 0x213c350  	{5B 53 75 6E 20 4E 6F 76 20 32 32 20 31 34 3A 34 [Sun Nov 22 14:4}

Memory usage statistics (global):
 N)umber of allocations made: 12
 L)argest memory usage      : 1276
 T)otal of all alloc() calls: 2552
 U)nfreed bytes totals      : 765

============= MEMWATCH 2.71 Copyright (C) 1992-1999 Johan Lindh =============

Started at Sun Nov 22 14:48:31 2015

Modes: __STDC__ 64-bit mwDWORD==(unsigned int)
mwROUNDALLOC==8 sizeof(mwData)==56 mwDataSize==56


Stopped at Sun Nov 22 14:48:31 2015

unfreed: <11> procnanny.server.c(166), 255 bytes at 0x2206c40  	{28 74 65 73 74 20 35 29 28 61 2E 6F 75 74 20 31 (test 5)(a.out 1}
unfreed: <4> procnanny.server.c(33), 255 bytes at 0x2206af0  	{63 6F 6E 66 69 67 00 FE FE FE FE FE FE FE FE FE config..........}
unfreed: <3> procnanny.server.c(32), 255 bytes at 0x2206350  	{5B 53 75 6E 20 4E 6F 76 20 32 32 20 31 34 3A 34 [Sun Nov 22 14:4}

Memory usage statistics (global):
 N)umber of allocations made: 12
 L)argest memory usage      : 1276
 T)otal of all alloc() calls: 2552
 U)nfreed bytes totals      : 765

============= MEMWATCH 2.71 Copyright (C) 1992-1999 Johan Lindh =============

Started at Sun Nov 22 14:48:46 2015

Modes: __STDC__ 64-bit mwDWORD==(unsigned int)
mwROUNDALLOC==8 sizeof(mwData)==56 mwDataSize==56


Stopped at Sun Nov 22 14:48:46 2015

unfreed: <11> procnanny.server.c(166), 255 bytes at 0x2141c40  	{28 74 65 73 74 20 35 29 28 61 2E 6F 75 74 20 31 (test 5)(a.out 1}
unfreed: <4> procnanny.server.c(33), 255 bytes at 0x2141af0  	{63 6F 6E 66 69 67 00 FE FE FE FE FE FE FE FE FE config..........}
unfreed: <3> procnanny.server.c(32), 255 bytes at 0x2141350  	{5B 53 75 6E 20 4E 6F 76 20 32 32 20 31 34 3A 34 [Sun Nov 22 14:4}

Memory usage statistics (global):
 N)umber of allocations made: 12
 L)argest memory usage      : 1276
 T)otal of all alloc() calls: 2552
 U)nfreed bytes totals      : 765

============= MEMWATCH 2.71 Copyright (C) 1992-1999 Johan Lindh =============

Started at Sun Nov 22 14:48:56 2015

Modes: __STDC__ 64-bit mwDWORD==(unsigned int)
mwROUNDALLOC==8 sizeof(mwData)==56 mwDataSize==56


Stopped at Sun Nov 22 14:48:56 2015

unfreed: <11> procnanny.server.c(166), 255 bytes at 0x1091c40  	{28 74 65 73 74 20 35 29 28 61 2E 6F 75 74 20 31 (test 5)(a.out 1}
unfreed: <4> procnanny.server.c(33), 255 bytes at 0x1091af0  	{63 6F 6E 66 69 67 00 FE FE FE FE FE FE FE FE FE config..........}
unfreed: <3> procnanny.server.c(32), 255 bytes at 0x1091350  	{5B 53 75 6E 20 4E 6F 76 20 32 32 20 31 34 3A 34 [Sun Nov 22 14:4}

Memory usage statistics (global):
 N)umber of allocations made: 12
 L)argest memory usage      : 1276
 T)otal of all alloc() calls: 2552
 U)nfreed bytes totals      : 765

============= MEMWATCH 2.71 Copyright (C) 1992-1999 Johan Lindh =============

Started at Sun Nov 22 14:51:05 2015

Modes: __STDC__ 64-bit mwDWORD==(unsigned int)
mwROUNDALLOC==8 sizeof(mwData)==56 mwDataSize==56


Stopped at Sun Nov 22 14:52:21 2015

unfreed: <12> procnanny.client.c(197), 5 bytes at 0x17856b0  	{6C 6F 6F 70 00 .. .. .. .. .. .. .. .. .. .. .. loop.}
unfreed: <11> procnanny.client.c(197), 6 bytes at 0x17845e0  	{61 2E 6F 75 74 00 .. .. .. .. .. .. .. .. .. .. a.out.}
unfreed: <10> procnanny.client.c(197), 5 bytes at 0x1784580  	{74 65 73 74 00 .. .. .. .. .. .. .. .. .. .. .. test.}

Memory usage statistics (global):
 N)umber of allocations made: 39
 L)argest memory usage      : 18078
 T)otal of all alloc() calls: 23440
 U)nfreed bytes totals      : 16

============= MEMWATCH 2.71 Copyright (C) 1992-1999 Johan Lindh =============

Started at Sun Nov 22 14:49:51 2015

Modes: __STDC__ 64-bit mwDWORD==(unsigned int)
mwROUNDALLOC==8 sizeof(mwData)==56 mwDataSize==56


Stopped at Sun Nov 22 14:52:21 2015


Memory usage statistics (global):
 N)umber of allocations made: 36
 L)argest memory usage      : 1530
 T)otal of all alloc() calls: 8178
 U)nfreed bytes totals      : 0

============= MEMWATCH 2.71 Copyright (C) 1992-1999 Johan Lindh =============

Started at Sun Nov 22 15:03:24 2015

Modes: __STDC__ 64-bit mwDWORD==(unsigned int)
mwROUNDALLOC==8 sizeof(mwData)==56 mwDataSize==56


Stopped at Sun Nov 22 15:03:56 2015

unfreed: <11> procnanny.server.c(166), 255 bytes at 0x20a9c40  	{28 74 65 73 74 20 35 29 28 61 2E 6F 75 74 20 31 (test 5)(a.out 1}
unfreed: <4> procnanny.server.c(33), 255 bytes at 0x20a9af0  	{63 6F 6E 66 69 67 00 FE FE FE FE FE FE FE FE FE config..........}
unfreed: <3> procnanny.server.c(32), 255 bytes at 0x20a9350  	{5B 53 75 6E 20 4E 6F 76 20 32 32 20 31 35 3A 30 [Sun Nov 22 15:0}

Memory usage statistics (global):
 N)umber of allocations made: 26
 L)argest memory usage      : 1530
 T)otal of all alloc() calls: 5620
 U)nfreed bytes totals      : 765

============= MEMWATCH 2.71 Copyright (C) 1992-1999 Johan Lindh =============

Started at Sun Nov 22 15:55:55 2015

Modes: __STDC__ 64-bit mwDWORD==(unsigned int)
mwROUNDALLOC==8 sizeof(mwData)==56 mwDataSize==56


Stopped at Sun Nov 22 15:55:55 2015

unfreed: <135> procnanny.client.c(50), 128 bytes at 0x8bc6e0  	{FE FE FE FE FE FE FE FE FE FE FE FE FE FE FE FE ................}
unfreed: <134> procnanny.client.c(50), 128 bytes at 0x8bc610  	{FE FE FE FE FE FE FE FE FE FE FE FE FE FE FE FE ................}
unfreed: <133> procnanny.client.c(50), 128 bytes at 0x8bc540  	{FE FE FE FE FE FE FE FE FE FE FE FE FE FE FE FE ................}
unfreed: <132> procnanny.client.c(50), 128 bytes at 0x8bc470  	{FE FE FE FE FE FE FE FE FE FE FE FE FE FE FE FE ................}
unfreed: <131> procnanny.client.c(50), 128 bytes at 0x8bc3a0  	{FE FE FE FE FE FE FE FE FE FE FE FE FE FE FE FE ................}
unfreed: <130> procnanny.client.c(50), 128 bytes at 0x8bc2d0  	{FE FE FE FE FE FE FE FE FE FE FE FE FE FE FE FE ................}
unfreed: <129> procnanny.client.c(50), 128 bytes at 0x8bc200  	{FE FE FE FE FE FE FE FE FE FE FE FE FE FE FE FE ................}
unfreed: <128> procnanny.client.c(50), 128 bytes at 0x8bc130  	{FE FE FE FE FE FE FE FE FE FE FE FE FE FE FE FE ................}
unfreed: <127> procnanny.client.c(50), 128 bytes at 0x8bc060  	{FE FE FE FE FE FE FE FE FE FE FE FE FE FE FE FE ................}
unfreed: <126> procnanny.client.c(50), 128 bytes at 0x8bbf90  	{FE FE FE FE FE FE FE FE FE FE FE FE FE FE FE FE ................}
unfreed: <125> procnanny.client.c(50), 128 bytes at 0x8bbec0  	{FE FE FE FE FE FE FE FE FE FE FE FE FE FE FE FE ................}
unfreed: <124> procnanny.client.c(50), 128 bytes at 0x8bbdf0  	{FE FE FE FE FE FE FE FE FE FE FE FE FE FE FE FE ................}
unfreed: <123> procnanny.client.c(50), 128 bytes at 0x8bbd20  	{FE FE FE FE FE FE FE FE FE FE FE FE FE FE FE FE ................}
unfreed: <122> procnanny.client.c(50), 128 bytes at 0x8bbc50  	{FE FE FE FE FE FE FE FE FE FE FE FE FE FE FE FE ................}
unfreed: <121> procnanny.client.c(50), 128 bytes at 0x8bbb80  	{FE FE FE FE FE FE FE FE FE FE FE FE FE FE FE FE ................}
unfreed: <120> procnanny.client.c(50), 128 bytes at 0x8bbab0  	{FE FE FE FE FE FE FE FE FE FE FE FE FE FE FE FE ................}
unfreed: <119> procnanny.client.c(50), 128 bytes at 0x8bb9e0  	{FE FE FE FE FE FE FE FE FE FE FE FE FE FE FE FE ................}
unfreed: <118> procnanny.client.c(50), 128 bytes at 0x8bb910  	{FE FE FE FE FE FE FE FE FE FE FE FE FE FE FE FE ................}
unfreed: <117> procnanny.client.c(50), 128 bytes at 0x8bb840  	{FE FE FE FE FE FE FE FE FE FE FE FE FE FE FE FE ................}
unfreed: <116> procnanny.client.c(50), 128 bytes at 0x8bb770  	{FE FE FE FE FE FE FE FE FE FE FE FE FE FE FE FE ................}
unfreed: <115> procnanny.client.c(50), 128 bytes at 0x8bb6a0  	{FE FE FE FE FE FE FE FE FE FE FE FE FE FE FE FE ................}
unfreed: <114> procnanny.client.c(50), 128 bytes at 0x8bb5d0  	{FE FE FE FE FE FE FE FE FE FE FE FE FE FE FE FE ................}
unfreed: <113> procnanny.client.c(50), 128 bytes at 0x8bb500  	{FE FE FE FE FE FE FE FE FE FE FE FE FE FE FE FE ................}
unfreed: <112> procnanny.client.c(50), 128 bytes at 0x8bb430  	{FE FE FE FE FE FE FE FE FE FE FE FE FE FE FE FE ................}
unfreed: <111> procnanny.client.c(50), 128 bytes at 0x8bb360  	{FE FE FE FE FE FE FE FE FE FE FE FE FE FE FE FE ................}
unfreed: <110> procnanny.client.c(50), 128 bytes at 0x8bb290  	{FE FE FE FE FE FE FE FE FE FE FE FE FE FE FE FE ................}
unfreed: <109> procnanny.client.c(50), 128 bytes at 0x8bb1c0  	{FE FE FE FE FE FE FE FE FE FE FE FE FE FE FE FE ................}
unfreed: <108> procnanny.client.c(50), 128 bytes at 0x8bb0f0  	{FE FE FE FE FE FE FE FE FE FE FE FE FE FE FE FE ................}
unfreed: <107> procnanny.client.c(50), 128 bytes at 0x8bb020  	{FE FE FE FE FE FE FE FE FE FE FE FE FE FE FE FE ................}
unfreed: <106> procnanny.client.c(50), 128 bytes at 0x8baf50  	{FE FE FE FE FE FE FE FE FE FE FE FE FE FE FE FE ................}
unfreed: <105> procnanny.client.c(50), 128 bytes at 0x8bae80  	{FE FE FE FE FE FE FE FE FE FE FE FE FE FE FE FE ................}
unfreed: <104> procnanny.client.c(50), 128 bytes at 0x8badb0  	{FE FE FE FE FE FE FE FE FE FE FE FE FE FE FE FE ................}
unfreed: <103> procnanny.client.c(50), 128 bytes at 0x8bace0  	{FE FE FE FE FE FE FE FE FE FE FE FE FE FE FE FE ................}
unfreed: <102> procnanny.client.c(50), 128 bytes at 0x8bac10  	{FE FE FE FE FE FE FE FE FE FE FE FE FE FE FE FE ................}
unfreed: <101> procnanny.client.c(50), 128 bytes at 0x8bab40  	{FE FE FE FE FE FE FE FE FE FE FE FE FE FE FE FE ................}
unfreed: <100> procnanny.client.c(50), 128 bytes at 0x8baa70  	{FE FE FE FE FE FE FE FE FE FE FE FE FE FE FE FE ................}
unfreed: <99> procnanny.client.c(50), 128 bytes at 0x8ba9a0  	{FE FE FE FE FE FE FE FE FE FE FE FE FE FE FE FE ................}
unfreed: <98> procnanny.client.c(50), 128 bytes at 0x8ba8d0  	{FE FE FE FE FE FE FE FE FE FE FE FE FE FE FE FE ................}
unfreed: <97> procnanny.client.c(50), 128 bytes at 0x8ba800  	{FE FE FE FE FE FE FE FE FE FE FE FE FE FE FE FE ................}
unfreed: <96> procnanny.client.c(50), 128 bytes at 0x8ba730  	{FE FE FE FE FE FE FE FE FE FE FE FE FE FE FE FE ................}
unfreed: <95> procnanny.client.c(50), 128 bytes at 0x8ba660  	{FE FE FE FE FE FE FE FE FE FE FE FE FE FE FE FE ................}
unfreed: <94> procnanny.client.c(50), 128 bytes at 0x8ba590  	{FE FE FE FE FE FE FE FE FE FE FE FE FE FE FE FE ................}
unfreed: <93> procnanny.client.c(50), 128 bytes at 0x8ba4c0  	{FE FE FE FE FE FE FE FE FE FE FE FE FE FE FE FE ................}
unfreed: <92> procnanny.client.c(50), 128 bytes at 0x8ba3f0  	{FE FE FE FE FE FE FE FE FE FE FE FE FE FE FE FE ................}
unfreed: <91> procnanny.client.c(50), 128 bytes at 0x8ba320  	{FE FE FE FE FE FE FE FE FE FE FE FE FE FE FE FE ................}
unfreed: <90> procnanny.client.c(50), 128 bytes at 0x8ba250  	{FE FE FE FE FE FE FE FE FE FE FE FE FE FE FE FE ................}
unfreed: <89> procnanny.client.c(50), 128 bytes at 0x8ba180  	{FE FE FE FE FE FE FE FE FE FE FE FE FE FE FE FE ................}
unfreed: <88> procnanny.client.c(50), 128 bytes at 0x8ba0b0  	{FE FE FE FE FE FE FE FE FE FE FE FE FE FE FE FE ................}
unfreed: <87> procnanny.client.c(50), 128 bytes at 0x8b9fe0  	{FE FE FE FE FE FE FE FE FE FE FE FE FE FE FE FE ................}
unfreed: <86> procnanny.client.c(50), 128 bytes at 0x8b9f10  	{FE FE FE FE FE FE FE FE FE FE FE FE FE FE FE FE ................}
unfreed: <85> procnanny.client.c(50), 128 bytes at 0x8b9e40  	{FE FE FE FE FE FE FE FE FE FE FE FE FE FE FE FE ................}
unfreed: <84> procnanny.client.c(50), 128 bytes at 0x8b9d70  	{FE FE FE FE FE FE FE FE FE FE FE FE FE FE FE FE ................}
unfreed: <83> procnanny.client.c(50), 128 bytes at 0x8b9ca0  	{FE FE FE FE FE FE FE FE FE FE FE FE FE FE FE FE ................}
unfreed: <82> procnanny.client.c(50), 128 bytes at 0x8b9bd0  	{FE FE FE FE FE FE FE FE FE FE FE FE FE FE FE FE ................}
unfreed: <81> procnanny.client.c(50), 128 bytes at 0x8b9b00  	{FE FE FE FE FE FE FE FE FE FE FE FE FE FE FE FE ................}
unfreed: <80> procnanny.client.c(50), 128 bytes at 0x8b9a30  	{FE FE FE FE FE FE FE FE FE FE FE FE FE FE FE FE ................}
unfreed: <79> procnanny.client.c(50), 128 bytes at 0x8b9960  	{FE FE FE FE FE FE FE FE FE FE FE FE FE FE FE FE ................}
unfreed: <78> procnanny.client.c(50), 128 bytes at 0x8b9890  	{FE FE FE FE FE FE FE FE FE FE FE FE FE FE FE FE ................}
unfreed: <77> procnanny.client.c(50), 128 bytes at 0x8b97c0  	{FE FE FE FE FE FE FE FE FE FE FE FE FE FE FE FE ................}
unfreed: <76> procnanny.client.c(50), 128 bytes at 0x8b96f0  	{FE FE FE FE FE FE FE FE FE FE FE FE FE FE FE FE ................}
unfreed: <75> procnanny.client.c(50), 128 bytes at 0x8b9620  	{FE FE FE FE FE FE FE FE FE FE FE FE FE FE FE FE ................}
unfreed: <74> procnanny.client.c(50), 128 bytes at 0x8b9550  	{FE FE FE FE FE FE FE FE FE FE FE FE FE FE FE FE ................}
unfreed: <73> procnanny.client.c(50), 128 bytes at 0x8b9480  	{FE FE FE FE FE FE FE FE FE FE FE FE FE FE FE FE ................}
unfreed: <72> procnanny.client.c(50), 128 bytes at 0x8b93b0  	{FE FE FE FE FE FE FE FE FE FE FE FE FE FE FE FE ................}
unfreed: <71> procnanny.client.c(50), 128 bytes at 0x8b92e0  	{FE FE FE FE FE FE FE FE FE FE FE FE FE FE FE FE ................}
unfreed: <70> procnanny.client.c(50), 128 bytes at 0x8b9210  	{FE FE FE FE FE FE FE FE FE FE FE FE FE FE FE FE ................}
unfreed: <69> procnanny.client.c(50), 128 bytes at 0x8b9140  	{FE FE FE FE FE FE FE FE FE FE FE FE FE FE FE FE ................}
unfreed: <68> procnanny.client.c(50), 128 bytes at 0x8b9070  	{FE FE FE FE FE FE FE FE FE FE FE FE FE FE FE FE ................}
unfreed: <67> procnanny.client.c(50), 128 bytes at 0x8b8fa0  	{FE FE FE FE FE FE FE FE FE FE FE FE FE FE FE FE ................}
unfreed: <66> procnanny.client.c(50), 128 bytes at 0x8b8ed0  	{FE FE FE FE FE FE FE FE FE FE FE FE FE FE FE FE ................}
unfreed: <65> procnanny.client.c(50), 128 bytes at 0x8b8e00  	{FE FE FE FE FE FE FE FE FE FE FE FE FE FE FE FE ................}
unfreed: <64> procnanny.client.c(50), 128 bytes at 0x8b8d30  	{FE FE FE FE FE FE FE FE FE FE FE FE FE FE FE FE ................}
unfreed: <63> procnanny.client.c(50), 128 bytes at 0x8b8c60  	{FE FE FE FE FE FE FE FE FE FE FE FE FE FE FE FE ................}
unfreed: <62> procnanny.client.c(50), 128 bytes at 0x8b8b90  	{FE FE FE FE FE FE FE FE FE FE FE FE FE FE FE FE ................}
unfreed: <61> procnanny.client.c(50), 128 bytes at 0x8b8ac0  	{FE FE FE FE FE FE FE FE FE FE FE FE FE FE FE FE ................}
unfreed: <60> procnanny.client.c(50), 128 bytes at 0x8b89f0  	{FE FE FE FE FE FE FE FE FE FE FE FE FE FE FE FE ................}
unfreed: <59> procnanny.client.c(50), 128 bytes at 0x8b8920  	{FE FE FE FE FE FE FE FE FE FE FE FE FE FE FE FE ................}
unfreed: <58> procnanny.client.c(50), 128 bytes at 0x8b8850  	{FE FE FE FE FE FE FE FE FE FE FE FE FE FE FE FE ................}
unfreed: <57> procnanny.client.c(50), 128 bytes at 0x8b8780  	{FE FE FE FE FE FE FE FE FE FE FE FE FE FE FE FE ................}
unfreed: <56> procnanny.client.c(50), 128 bytes at 0x8b86b0  	{FE FE FE FE FE FE FE FE FE FE FE FE FE FE FE FE ................}
unfreed: <55> procnanny.client.c(50), 128 bytes at 0x8b85e0  	{FE FE FE FE FE FE FE FE FE FE FE FE FE FE FE FE ................}
unfreed: <54> procnanny.client.c(50), 128 bytes at 0x8b8510  	{FE FE FE FE FE FE FE FE FE FE FE FE FE FE FE FE ................}
unfreed: <53> procnanny.client.c(50), 128 bytes at 0x8b8440  	{FE FE FE FE FE FE FE FE FE FE FE FE FE FE FE FE ................}
unfreed: <52> procnanny.client.c(50), 128 bytes at 0x8b8370  	{FE FE FE FE FE FE FE FE FE FE FE FE FE FE FE FE ................}
unfreed: <51> procnanny.client.c(50), 128 bytes at 0x8b82a0  	{FE FE FE FE FE FE FE FE FE FE FE FE FE FE FE FE ................}
unfreed: <50> procnanny.client.c(50), 128 bytes at 0x8b81d0  	{FE FE FE FE FE FE FE FE FE FE FE FE FE FE FE FE ................}
unfreed: <49> procnanny.client.c(50), 128 bytes at 0x8b8100  	{FE FE FE FE FE FE FE FE FE FE FE FE FE FE FE FE ................}
unfreed: <48> procnanny.client.c(50), 128 bytes at 0x8b8030  	{FE FE FE FE FE FE FE FE FE FE FE FE FE FE FE FE ................}
unfreed: <47> procnanny.client.c(50), 128 bytes at 0x8b7f60  	{FE FE FE FE FE FE FE FE FE FE FE FE FE FE FE FE ................}
unfreed: <46> procnanny.client.c(50), 128 bytes at 0x8b7e90  	{FE FE FE FE FE FE FE FE FE FE FE FE FE FE FE FE ................}
unfreed: <45> procnanny.client.c(50), 128 bytes at 0x8b7dc0  	{FE FE FE FE FE FE FE FE FE FE FE FE FE FE FE FE ................}
unfreed: <44> procnanny.client.c(50), 128 bytes at 0x8b7cf0  	{FE FE FE FE FE FE FE FE FE FE FE FE FE FE FE FE ................}
unfreed: <43> procnanny.client.c(50), 128 bytes at 0x8b7c20  	{FE FE FE FE FE FE FE FE FE FE FE FE FE FE FE FE ................}
unfreed: <42> procnanny.client.c(50), 128 bytes at 0x8b7b50  	{FE FE FE FE FE FE FE FE FE FE FE FE FE FE FE FE ................}
unfreed: <41> procnanny.client.c(50), 128 bytes at 0x8b7a80  	{FE FE FE FE FE FE FE FE FE FE FE FE FE FE FE FE ................}
unfreed: <40> procnanny.client.c(50), 128 bytes at 0x8b79b0  	{FE FE FE FE FE FE FE FE FE FE FE FE FE FE FE FE ................}
unfreed: <39> procnanny.client.c(50), 128 bytes at 0x8b78e0  	{FE FE FE FE FE FE FE FE FE FE FE FE FE FE FE FE ................}
unfreed: <38> procnanny.client.c(50), 128 bytes at 0x8b7810  	{FE FE FE FE FE FE FE FE FE FE FE FE FE FE FE FE ................}
unfreed: <37> procnanny.client.c(50), 128 bytes at 0x8b7740  	{FE FE FE FE FE FE FE FE FE FE FE FE FE FE FE FE ................}
unfreed: <36> procnanny.client.c(50), 128 bytes at 0x8b7670  	{FE FE FE FE FE FE FE FE FE FE FE FE FE FE FE FE ................}
unfreed: <35> procnanny.client.c(50), 128 bytes at 0x8b75a0  	{FE FE FE FE FE FE FE FE FE FE FE FE FE FE FE FE ................}
unfreed: <34> procnanny.client.c(50), 128 bytes at 0x8b74d0  	{FE FE FE FE FE FE FE FE FE FE FE FE FE FE FE FE ................}
unfreed: <33> procnanny.client.c(50), 128 bytes at 0x8b7400  	{FE FE FE FE FE FE FE FE FE FE FE FE FE FE FE FE ................}
unfreed: <32> procnanny.client.c(50), 128 bytes at 0x8b7330  	{FE FE FE FE FE FE FE FE FE FE FE FE FE FE FE FE ................}
unfreed: <31> procnanny.client.c(50), 128 bytes at 0x8b7260  	{FE FE FE FE FE FE FE FE FE FE FE FE FE FE FE FE ................}
unfreed: <30> procnanny.client.c(50), 128 bytes at 0x8b7190  	{FE FE FE FE FE FE FE FE FE FE FE FE FE FE FE FE ................}
unfreed: <29> procnanny.client.c(50), 128 bytes at 0x8b70c0  	{FE FE FE FE FE FE FE FE FE FE FE FE FE FE FE FE ................}
unfreed: <28> procnanny.client.c(50), 128 bytes at 0x8b6ff0  	{FE FE FE FE FE FE FE FE FE FE FE FE FE FE FE FE ................}
unfreed: <27> procnanny.client.c(50), 128 bytes at 0x8b6f20  	{FE FE FE FE FE FE FE FE FE FE FE FE FE FE FE FE ................}
unfreed: <26> procnanny.client.c(50), 128 bytes at 0x8b6e50  	{FE FE FE FE FE FE FE FE FE FE FE FE FE FE FE FE ................}
unfreed: <25> procnanny.client.c(50), 128 bytes at 0x8b6d80  	{FE FE FE FE FE FE FE FE FE FE FE FE FE FE FE FE ................}
unfreed: <24> procnanny.client.c(50), 128 bytes at 0x8b6cb0  	{FE FE FE FE FE FE FE FE FE FE FE FE FE FE FE FE ................}
unfreed: <23> procnanny.client.c(50), 128 bytes at 0x8b6be0  	{FE FE FE FE FE FE FE FE FE FE FE FE FE FE FE FE ................}
unfreed: <22> procnanny.client.c(50), 128 bytes at 0x8b6b10  	{FE FE FE FE FE FE FE FE FE FE FE FE FE FE FE FE ................}
unfreed: <21> procnanny.client.c(50), 128 bytes at 0x8b6a40  	{FE FE FE FE FE FE FE FE FE FE FE FE FE FE FE FE ................}
unfreed: <20> procnanny.client.c(50), 128 bytes at 0x8b6970  	{FE FE FE FE FE FE FE FE FE FE FE FE FE FE FE FE ................}
unfreed: <19> procnanny.client.c(50), 128 bytes at 0x8b68a0  	{FE FE FE FE FE FE FE FE FE FE FE FE FE FE FE FE ................}
unfreed: <18> procnanny.client.c(50), 128 bytes at 0x8b67d0  	{FE FE FE FE FE FE FE FE FE FE FE FE FE FE FE FE ................}
unfreed: <17> procnanny.client.c(50), 128 bytes at 0x8b6700  	{FE FE FE FE FE FE FE FE FE FE FE FE FE FE FE FE ................}
unfreed: <16> procnanny.client.c(50), 128 bytes at 0x8b6630  	{FE FE FE FE FE FE FE FE FE FE FE FE FE FE FE FE ................}
unfreed: <15> procnanny.client.c(50), 128 bytes at 0x8b6560  	{FE FE FE FE FE FE FE FE FE FE FE FE FE FE FE FE ................}
unfreed: <14> procnanny.client.c(50), 128 bytes at 0x8b6490  	{FE FE FE FE FE FE FE FE FE FE FE FE FE FE FE FE ................}
unfreed: <13> procnanny.client.c(50), 128 bytes at 0x8b63c0  	{FE FE FE FE FE FE FE FE FE FE FE FE FE FE FE FE ................}
unfreed: <12> procnanny.client.c(50), 128 bytes at 0x8b62f0  	{FE FE FE FE FE FE FE FE FE FE FE FE FE FE FE FE ................}
unfreed: <11> procnanny.client.c(50), 128 bytes at 0x8b6220  	{FE FE FE FE FE FE FE FE FE FE FE FE FE FE FE FE ................}
unfreed: <10> procnanny.client.c(50), 128 bytes at 0x8b6150  	{FE FE FE FE FE FE FE FE FE FE FE FE FE FE FE FE ................}
unfreed: <9> procnanny.client.c(50), 128 bytes at 0x8b6080  	{FE FE FE FE FE FE FE FE FE FE FE FE FE FE FE FE ................}
unfreed: <8> procnanny.client.c(50), 128 bytes at 0x8b5fb0  	{FE FE FE FE FE FE FE FE FE FE FE FE FE FE FE FE ................}
unfreed: <7> procnanny.client.c(47), 16896 bytes at 0x8b1d60  	{B0 5F 8B 00 00 00 00 00 FE FE FE FE FE FE FE FE ._..............}
unfreed: <6> procnanny.client.c(46), 128 bytes at 0x8b1c90  	{FE FE FE FE FE FE FE FE FE FE FE FE FE FE FE FE ................}
unfreed: <5> procnanny.client.c(45), 128 bytes at 0x8b1bc0  	{FE FE FE FE FE FE FE FE FE FE FE FE FE FE FE FE ................}
unfreed: <4> procnanny.client.c(44), 128 bytes at 0x8b1af0  	{FE FE FE FE FE FE FE FE FE FE FE FE FE FE FE FE ................}
unfreed: <1> procnanny.client.c(24), 255 bytes at 0x8b1350  	{5B 53 75 6E 20 4E 6F 76 20 32 32 20 31 35 3A 35 [Sun Nov 22 15:5}

Memory usage statistics (global):
 N)umber of allocations made: 137
 L)argest memory usage      : 34430
 T)otal of all alloc() calls: 34685
 U)nfreed bytes totals      : 33919

============= MEMWATCH 2.71 Copyright (C) 1992-1999 Johan Lindh =============

Started at Sun Nov 22 15:56:03 2015

Modes: __STDC__ 64-bit mwDWORD==(unsigned int)
mwROUNDALLOC==8 sizeof(mwData)==56 mwDataSize==56


Stopped at Sun Nov 22 15:56:03 2015

unfreed: <11> procnanny.server.c(166), 255 bytes at 0x1d49c40  	{28 74 65 73 74 20 35 29 28 61 2E 6F 75 74 20 31 (test 5)(a.out 1}
unfreed: <4> procnanny.server.c(33), 255 bytes at 0x1d49af0  	{63 6F 6E 66 69 67 00 FE FE FE FE FE FE FE FE FE config..........}
unfreed: <3> procnanny.server.c(32), 255 bytes at 0x1d49350  	{5B 53 75 6E 20 4E 6F 76 20 32 32 20 31 35 3A 35 [Sun Nov 22 15:5}

Memory usage statistics (global):
 N)umber of allocations made: 12
 L)argest memory usage      : 1276
 T)otal of all alloc() calls: 2552
 U)nfreed bytes totals      : 765

============= MEMWATCH 2.71 Copyright (C) 1992-1999 Johan Lindh =============

Started at Sun Nov 22 15:56:03 2015

Modes: __STDC__ 64-bit mwDWORD==(unsigned int)
mwROUNDALLOC==8 sizeof(mwData)==56 mwDataSize==56


Stopped at Sun Nov 22 15:56:03 2015

unfreed: <135> procnanny.client.c(50), 128 bytes at 0x25756e0  	{FE FE FE FE FE FE FE FE FE FE FE FE FE FE FE FE ................}
unfreed: <134> procnanny.client.c(50), 128 bytes at 0x2575610  	{FE FE FE FE FE FE FE FE FE FE FE FE FE FE FE FE ................}
unfreed: <133> procnanny.client.c(50), 128 bytes at 0x2575540  	{FE FE FE FE FE FE FE FE FE FE FE FE FE FE FE FE ................}
unfreed: <132> procnanny.client.c(50), 128 bytes at 0x2575470  	{FE FE FE FE FE FE FE FE FE FE FE FE FE FE FE FE ................}
unfreed: <131> procnanny.client.c(50), 128 bytes at 0x25753a0  	{FE FE FE FE FE FE FE FE FE FE FE FE FE FE FE FE ................}
unfreed: <130> procnanny.client.c(50), 128 bytes at 0x25752d0  	{FE FE FE FE FE FE FE FE FE FE FE FE FE FE FE FE ................}
unfreed: <129> procnanny.client.c(50), 128 bytes at 0x2575200  	{FE FE FE FE FE FE FE FE FE FE FE FE FE FE FE FE ................}
unfreed: <128> procnanny.client.c(50), 128 bytes at 0x2575130  	{FE FE FE FE FE FE FE FE FE FE FE FE FE FE FE FE ................}
unfreed: <127> procnanny.client.c(50), 128 bytes at 0x2575060  	{FE FE FE FE FE FE FE FE FE FE FE FE FE FE FE FE ................}
unfreed: <126> procnanny.client.c(50), 128 bytes at 0x2574f90  	{FE FE FE FE FE FE FE FE FE FE FE FE FE FE FE FE ................}
unfreed: <125> procnanny.client.c(50), 128 bytes at 0x2574ec0  	{FE FE FE FE FE FE FE FE FE FE FE FE FE FE FE FE ................}
unfreed: <124> procnanny.client.c(50), 128 bytes at 0x2574df0  	{FE FE FE FE FE FE FE FE FE FE FE FE FE FE FE FE ................}
unfreed: <123> procnanny.client.c(50), 128 bytes at 0x2574d20  	{FE FE FE FE FE FE FE FE FE FE FE FE FE FE FE FE ................}
unfreed: <122> procnanny.client.c(50), 128 bytes at 0x2574c50  	{FE FE FE FE FE FE FE FE FE FE FE FE FE FE FE FE ................}
unfreed: <121> procnanny.client.c(50), 128 bytes at 0x2574b80  	{FE FE FE FE FE FE FE FE FE FE FE FE FE FE FE FE ................}
unfreed: <120> procnanny.client.c(50), 128 bytes at 0x2574ab0  	{FE FE FE FE FE FE FE FE FE FE FE FE FE FE FE FE ................}
unfreed: <119> procnanny.client.c(50), 128 bytes at 0x25749e0  	{FE FE FE FE FE FE FE FE FE FE FE FE FE FE FE FE ................}
unfreed: <118> procnanny.client.c(50), 128 bytes at 0x2574910  	{FE FE FE FE FE FE FE FE FE FE FE FE FE FE FE FE ................}
unfreed: <117> procnanny.client.c(50), 128 bytes at 0x2574840  	{FE FE FE FE FE FE FE FE FE FE FE FE FE FE FE FE ................}
unfreed: <116> procnanny.client.c(50), 128 bytes at 0x2574770  	{FE FE FE FE FE FE FE FE FE FE FE FE FE FE FE FE ................}
unfreed: <115> procnanny.client.c(50), 128 bytes at 0x25746a0  	{FE FE FE FE FE FE FE FE FE FE FE FE FE FE FE FE ................}
unfreed: <114> procnanny.client.c(50), 128 bytes at 0x25745d0  	{FE FE FE FE FE FE FE FE FE FE FE FE FE FE FE FE ................}
unfreed: <113> procnanny.client.c(50), 128 bytes at 0x2574500  	{FE FE FE FE FE FE FE FE FE FE FE FE FE FE FE FE ................}
unfreed: <112> procnanny.client.c(50), 128 bytes at 0x2574430  	{FE FE FE FE FE FE FE FE FE FE FE FE FE FE FE FE ................}
unfreed: <111> procnanny.client.c(50), 128 bytes at 0x2574360  	{FE FE FE FE FE FE FE FE FE FE FE FE FE FE FE FE ................}
unfreed: <110> procnanny.client.c(50), 128 bytes at 0x2574290  	{FE FE FE FE FE FE FE FE FE FE FE FE FE FE FE FE ................}
unfreed: <109> procnanny.client.c(50), 128 bytes at 0x25741c0  	{FE FE FE FE FE FE FE FE FE FE FE FE FE FE FE FE ................}
unfreed: <108> procnanny.client.c(50), 128 bytes at 0x25740f0  	{FE FE FE FE FE FE FE FE FE FE FE FE FE FE FE FE ................}
unfreed: <107> procnanny.client.c(50), 128 bytes at 0x2574020  	{FE FE FE FE FE FE FE FE FE FE FE FE FE FE FE FE ................}
unfreed: <106> procnanny.client.c(50), 128 bytes at 0x2573f50  	{FE FE FE FE FE FE FE FE FE FE FE FE FE FE FE FE ................}
unfreed: <105> procnanny.client.c(50), 128 bytes at 0x2573e80  	{FE FE FE FE FE FE FE FE FE FE FE FE FE FE FE FE ................}
unfreed: <104> procnanny.client.c(50), 128 bytes at 0x2573db0  	{FE FE FE FE FE FE FE FE FE FE FE FE FE FE FE FE ................}
unfreed: <103> procnanny.client.c(50), 128 bytes at 0x2573ce0  	{FE FE FE FE FE FE FE FE FE FE FE FE FE FE FE FE ................}
unfreed: <102> procnanny.client.c(50), 128 bytes at 0x2573c10  	{FE FE FE FE FE FE FE FE FE FE FE FE FE FE FE FE ................}
unfreed: <101> procnanny.client.c(50), 128 bytes at 0x2573b40  	{FE FE FE FE FE FE FE FE FE FE FE FE FE FE FE FE ................}
unfreed: <100> procnanny.client.c(50), 128 bytes at 0x2573a70  	{FE FE FE FE FE FE FE FE FE FE FE FE FE FE FE FE ................}
unfreed: <99> procnanny.client.c(50), 128 bytes at 0x25739a0  	{FE FE FE FE FE FE FE FE FE FE FE FE FE FE FE FE ................}
unfreed: <98> procnanny.client.c(50), 128 bytes at 0x25738d0  	{FE FE FE FE FE FE FE FE FE FE FE FE FE FE FE FE ................}
unfreed: <97> procnanny.client.c(50), 128 bytes at 0x2573800  	{FE FE FE FE FE FE FE FE FE FE FE FE FE FE FE FE ................}
unfreed: <96> procnanny.client.c(50), 128 bytes at 0x2573730  	{FE FE FE FE FE FE FE FE FE FE FE FE FE FE FE FE ................}
unfreed: <95> procnanny.client.c(50), 128 bytes at 0x2573660  	{FE FE FE FE FE FE FE FE FE FE FE FE FE FE FE FE ................}
unfreed: <94> procnanny.client.c(50), 128 bytes at 0x2573590  	{FE FE FE FE FE FE FE FE FE FE FE FE FE FE FE FE ................}
unfreed: <93> procnanny.client.c(50), 128 bytes at 0x25734c0  	{FE FE FE FE FE FE FE FE FE FE FE FE FE FE FE FE ................}
unfreed: <92> procnanny.client.c(50), 128 bytes at 0x25733f0  	{FE FE FE FE FE FE FE FE FE FE FE FE FE FE FE FE ................}
unfreed: <91> procnanny.client.c(50), 128 bytes at 0x2573320  	{FE FE FE FE FE FE FE FE FE FE FE FE FE FE FE FE ................}
unfreed: <90> procnanny.client.c(50), 128 bytes at 0x2573250  	{FE FE FE FE FE FE FE FE FE FE FE FE FE FE FE FE ................}
unfreed: <89> procnanny.client.c(50), 128 bytes at 0x2573180  	{FE FE FE FE FE FE FE FE FE FE FE FE FE FE FE FE ................}
unfreed: <88> procnanny.client.c(50), 128 bytes at 0x25730b0  	{FE FE FE FE FE FE FE FE FE FE FE FE FE FE FE FE ................}
unfreed: <87> procnanny.client.c(50), 128 bytes at 0x2572fe0  	{FE FE FE FE FE FE FE FE FE FE FE FE FE FE FE FE ................}
unfreed: <86> procnanny.client.c(50), 128 bytes at 0x2572f10  	{FE FE FE FE FE FE FE FE FE FE FE FE FE FE FE FE ................}
unfreed: <85> procnanny.client.c(50), 128 bytes at 0x2572e40  	{FE FE FE FE FE FE FE FE FE FE FE FE FE FE FE FE ................}
unfreed: <84> procnanny.client.c(50), 128 bytes at 0x2572d70  	{FE FE FE FE FE FE FE FE FE FE FE FE FE FE FE FE ................}
unfreed: <83> procnanny.client.c(50), 128 bytes at 0x2572ca0  	{FE FE FE FE FE FE FE FE FE FE FE FE FE FE FE FE ................}
unfreed: <82> procnanny.client.c(50), 128 bytes at 0x2572bd0  	{FE FE FE FE FE FE FE FE FE FE FE FE FE FE FE FE ................}
unfreed: <81> procnanny.client.c(50), 128 bytes at 0x2572b00  	{FE FE FE FE FE FE FE FE FE FE FE FE FE FE FE FE ................}
unfreed: <80> procnanny.client.c(50), 128 bytes at 0x2572a30  	{FE FE FE FE FE FE FE FE FE FE FE FE FE FE FE FE ................}
unfreed: <79> procnanny.client.c(50), 128 bytes at 0x2572960  	{FE FE FE FE FE FE FE FE FE FE FE FE FE FE FE FE ................}
unfreed: <78> procnanny.client.c(50), 128 bytes at 0x2572890  	{FE FE FE FE FE FE FE FE FE FE FE FE FE FE FE FE ................}
unfreed: <77> procnanny.client.c(50), 128 bytes at 0x25727c0  	{FE FE FE FE FE FE FE FE FE FE FE FE FE FE FE FE ................}
unfreed: <76> procnanny.client.c(50), 128 bytes at 0x25726f0  	{FE FE FE FE FE FE FE FE FE FE FE FE FE FE FE FE ................}
unfreed: <75> procnanny.client.c(50), 128 bytes at 0x2572620  	{FE FE FE FE FE FE FE FE FE FE FE FE FE FE FE FE ................}
unfreed: <74> procnanny.client.c(50), 128 bytes at 0x2572550  	{FE FE FE FE FE FE FE FE FE FE FE FE FE FE FE FE ................}
unfreed: <73> procnanny.client.c(50), 128 bytes at 0x2572480  	{FE FE FE FE FE FE FE FE FE FE FE FE FE FE FE FE ................}
unfreed: <72> procnanny.client.c(50), 128 bytes at 0x25723b0  	{FE FE FE FE FE FE FE FE FE FE FE FE FE FE FE FE ................}
unfreed: <71> procnanny.client.c(50), 128 bytes at 0x25722e0  	{FE FE FE FE FE FE FE FE FE FE FE FE FE FE FE FE ................}
unfreed: <70> procnanny.client.c(50), 128 bytes at 0x2572210  	{FE FE FE FE FE FE FE FE FE FE FE FE FE FE FE FE ................}
unfreed: <69> procnanny.client.c(50), 128 bytes at 0x2572140  	{FE FE FE FE FE FE FE FE FE FE FE FE FE FE FE FE ................}
unfreed: <68> procnanny.client.c(50), 128 bytes at 0x2572070  	{FE FE FE FE FE FE FE FE FE FE FE FE FE FE FE FE ................}
unfreed: <67> procnanny.client.c(50), 128 bytes at 0x2571fa0  	{FE FE FE FE FE FE FE FE FE FE FE FE FE FE FE FE ................}
unfreed: <66> procnanny.client.c(50), 128 bytes at 0x2571ed0  	{FE FE FE FE FE FE FE FE FE FE FE FE FE FE FE FE ................}
unfreed: <65> procnanny.client.c(50), 128 bytes at 0x2571e00  	{FE FE FE FE FE FE FE FE FE FE FE FE FE FE FE FE ................}
unfreed: <64> procnanny.client.c(50), 128 bytes at 0x2571d30  	{FE FE FE FE FE FE FE FE FE FE FE FE FE FE FE FE ................}
unfreed: <63> procnanny.client.c(50), 128 bytes at 0x2571c60  	{FE FE FE FE FE FE FE FE FE FE FE FE FE FE FE FE ................}
unfreed: <62> procnanny.client.c(50), 128 bytes at 0x2571b90  	{FE FE FE FE FE FE FE FE FE FE FE FE FE FE FE FE ................}
unfreed: <61> procnanny.client.c(50), 128 bytes at 0x2571ac0  	{FE FE FE FE FE FE FE FE FE FE FE FE FE FE FE FE ................}
unfreed: <60> procnanny.client.c(50), 128 bytes at 0x25719f0  	{FE FE FE FE FE FE FE FE FE FE FE FE FE FE FE FE ................}
unfreed: <59> procnanny.client.c(50), 128 bytes at 0x2571920  	{FE FE FE FE FE FE FE FE FE FE FE FE FE FE FE FE ................}
unfreed: <58> procnanny.client.c(50), 128 bytes at 0x2571850  	{FE FE FE FE FE FE FE FE FE FE FE FE FE FE FE FE ................}
unfreed: <57> procnanny.client.c(50), 128 bytes at 0x2571780  	{FE FE FE FE FE FE FE FE FE FE FE FE FE FE FE FE ................}
unfreed: <56> procnanny.client.c(50), 128 bytes at 0x25716b0  	{FE FE FE FE FE FE FE FE FE FE FE FE FE FE FE FE ................}
unfreed: <55> procnanny.client.c(50), 128 bytes at 0x25715e0  	{FE FE FE FE FE FE FE FE FE FE FE FE FE FE FE FE ................}
unfreed: <54> procnanny.client.c(50), 128 bytes at 0x2571510  	{FE FE FE FE FE FE FE FE FE FE FE FE FE FE FE FE ................}
unfreed: <53> procnanny.client.c(50), 128 bytes at 0x2571440  	{FE FE FE FE FE FE FE FE FE FE FE FE FE FE FE FE ................}
unfreed: <52> procnanny.client.c(50), 128 bytes at 0x2571370  	{FE FE FE FE FE FE FE FE FE FE FE FE FE FE FE FE ................}
unfreed: <51> procnanny.client.c(50), 128 bytes at 0x25712a0  	{FE FE FE FE FE FE FE FE FE FE FE FE FE FE FE FE ................}
unfreed: <50> procnanny.client.c(50), 128 bytes at 0x25711d0  	{FE FE FE FE FE FE FE FE FE FE FE FE FE FE FE FE ................}
unfreed: <49> procnanny.client.c(50), 128 bytes at 0x2571100  	{FE FE FE FE FE FE FE FE FE FE FE FE FE FE FE FE ................}
unfreed: <48> procnanny.client.c(50), 128 bytes at 0x2571030  	{FE FE FE FE FE FE FE FE FE FE FE FE FE FE FE FE ................}
unfreed: <47> procnanny.client.c(50), 128 bytes at 0x2570f60  	{FE FE FE FE FE FE FE FE FE FE FE FE FE FE FE FE ................}
unfreed: <46> procnanny.client.c(50), 128 bytes at 0x2570e90  	{FE FE FE FE FE FE FE FE FE FE FE FE FE FE FE FE ................}
unfreed: <45> procnanny.client.c(50), 128 bytes at 0x2570dc0  	{FE FE FE FE FE FE FE FE FE FE FE FE FE FE FE FE ................}
unfreed: <44> procnanny.client.c(50), 128 bytes at 0x2570cf0  	{FE FE FE FE FE FE FE FE FE FE FE FE FE FE FE FE ................}
unfreed: <43> procnanny.client.c(50), 128 bytes at 0x2570c20  	{FE FE FE FE FE FE FE FE FE FE FE FE FE FE FE FE ................}
unfreed: <42> procnanny.client.c(50), 128 bytes at 0x2570b50  	{FE FE FE FE FE FE FE FE FE FE FE FE FE FE FE FE ................}
unfreed: <41> procnanny.client.c(50), 128 bytes at 0x2570a80  	{FE FE FE FE FE FE FE FE FE FE FE FE FE FE FE FE ................}
unfreed: <40> procnanny.client.c(50), 128 bytes at 0x25709b0  	{FE FE FE FE FE FE FE FE FE FE FE FE FE FE FE FE ................}
unfreed: <39> procnanny.client.c(50), 128 bytes at 0x25708e0  	{FE FE FE FE FE FE FE FE FE FE FE FE FE FE FE FE ................}
unfreed: <38> procnanny.client.c(50), 128 bytes at 0x2570810  	{FE FE FE FE FE FE FE FE FE FE FE FE FE FE FE FE ................}
unfreed: <37> procnanny.client.c(50), 128 bytes at 0x2570740  	{FE FE FE FE FE FE FE FE FE FE FE FE FE FE FE FE ................}
unfreed: <36> procnanny.client.c(50), 128 bytes at 0x2570670  	{FE FE FE FE FE FE FE FE FE FE FE FE FE FE FE FE ................}
unfreed: <35> procnanny.client.c(50), 128 bytes at 0x25705a0  	{FE FE FE FE FE FE FE FE FE FE FE FE FE FE FE FE ................}
unfreed: <34> procnanny.client.c(50), 128 bytes at 0x25704d0  	{FE FE FE FE FE FE FE FE FE FE FE FE FE FE FE FE ................}
unfreed: <33> procnanny.client.c(50), 128 bytes at 0x2570400  	{FE FE FE FE FE FE FE FE FE FE FE FE FE FE FE FE ................}
unfreed: <32> procnanny.client.c(50), 128 bytes at 0x2570330  	{FE FE FE FE FE FE FE FE FE FE FE FE FE FE FE FE ................}
unfreed: <31> procnanny.client.c(50), 128 bytes at 0x2570260  	{FE FE FE FE FE FE FE FE FE FE FE FE FE FE FE FE ................}
unfreed: <30> procnanny.client.c(50), 128 bytes at 0x2570190  	{FE FE FE FE FE FE FE FE FE FE FE FE FE FE FE FE ................}
unfreed: <29> procnanny.client.c(50), 128 bytes at 0x25700c0  	{FE FE FE FE FE FE FE FE FE FE FE FE FE FE FE FE ................}
unfreed: <28> procnanny.client.c(50), 128 bytes at 0x256fff0  	{FE FE FE FE FE FE FE FE FE FE FE FE FE FE FE FE ................}
unfreed: <27> procnanny.client.c(50), 128 bytes at 0x256ff20  	{FE FE FE FE FE FE FE FE FE FE FE FE FE FE FE FE ................}
unfreed: <26> procnanny.client.c(50), 128 bytes at 0x256fe50  	{FE FE FE FE FE FE FE FE FE FE FE FE FE FE FE FE ................}
unfreed: <25> procnanny.client.c(50), 128 bytes at 0x256fd80  	{FE FE FE FE FE FE FE FE FE FE FE FE FE FE FE FE ................}
unfreed: <24> procnanny.client.c(50), 128 bytes at 0x256fcb0  	{FE FE FE FE FE FE FE FE FE FE FE FE FE FE FE FE ................}
unfreed: <23> procnanny.client.c(50), 128 bytes at 0x256fbe0  	{FE FE FE FE FE FE FE FE FE FE FE FE FE FE FE FE ................}
unfreed: <22> procnanny.client.c(50), 128 bytes at 0x256fb10  	{FE FE FE FE FE FE FE FE FE FE FE FE FE FE FE FE ................}
unfreed: <21> procnanny.client.c(50), 128 bytes at 0x256fa40  	{FE FE FE FE FE FE FE FE FE FE FE FE FE FE FE FE ................}
unfreed: <20> procnanny.client.c(50), 128 bytes at 0x256f970  	{FE FE FE FE FE FE FE FE FE FE FE FE FE FE FE FE ................}
unfreed: <19> procnanny.client.c(50), 128 bytes at 0x256f8a0  	{FE FE FE FE FE FE FE FE FE FE FE FE FE FE FE FE ................}
unfreed: <18> procnanny.client.c(50), 128 bytes at 0x256f7d0  	{FE FE FE FE FE FE FE FE FE FE FE FE FE FE FE FE ................}
unfreed: <17> procnanny.client.c(50), 128 bytes at 0x256f700  	{FE FE FE FE FE FE FE FE FE FE FE FE FE FE FE FE ................}
unfreed: <16> procnanny.client.c(50), 128 bytes at 0x256f630  	{FE FE FE FE FE FE FE FE FE FE FE FE FE FE FE FE ................}
unfreed: <15> procnanny.client.c(50), 128 bytes at 0x256f560  	{FE FE FE FE FE FE FE FE FE FE FE FE FE FE FE FE ................}
unfreed: <14> procnanny.client.c(50), 128 bytes at 0x256f490  	{FE FE FE FE FE FE FE FE FE FE FE FE FE FE FE FE ................}
unfreed: <13> procnanny.client.c(50), 128 bytes at 0x256f3c0  	{FE FE FE FE FE FE FE FE FE FE FE FE FE FE FE FE ................}
unfreed: <12> procnanny.client.c(50), 128 bytes at 0x256f2f0  	{FE FE FE FE FE FE FE FE FE FE FE FE FE FE FE FE ................}
unfreed: <11> procnanny.client.c(50), 128 bytes at 0x256f220  	{FE FE FE FE FE FE FE FE FE FE FE FE FE FE FE FE ................}
unfreed: <10> procnanny.client.c(50), 128 bytes at 0x256f150  	{FE FE FE FE FE FE FE FE FE FE FE FE FE FE FE FE ................}
unfreed: <9> procnanny.client.c(50), 128 bytes at 0x256f080  	{FE FE FE FE FE FE FE FE FE FE FE FE FE FE FE FE ................}
unfreed: <8> procnanny.client.c(50), 128 bytes at 0x256efb0  	{FE FE FE FE FE FE FE FE FE FE FE FE FE FE FE FE ................}
unfreed: <7> procnanny.client.c(47), 16896 bytes at 0x256ad60  	{B0 EF 56 02 00 00 00 00 FE FE FE FE FE FE FE FE ..V.............}
unfreed: <6> procnanny.client.c(46), 128 bytes at 0x256ac90  	{FE FE FE FE FE FE FE FE FE FE FE FE FE FE FE FE ................}
unfreed: <5> procnanny.client.c(45), 128 bytes at 0x256abc0  	{FE FE FE FE FE FE FE FE FE FE FE FE FE FE FE FE ................}
unfreed: <4> procnanny.client.c(44), 128 bytes at 0x256aaf0  	{FE FE FE FE FE FE FE FE FE FE FE FE FE FE FE FE ................}
unfreed: <1> procnanny.client.c(24), 255 bytes at 0x256a350  	{5B 53 75 6E 20 4E 6F 76 20 32 32 20 31 35 3A 35 [Sun Nov 22 15:5}

Memory usage statistics (global):
 N)umber of allocations made: 137
 L)argest memory usage      : 34430
 T)otal of all alloc() calls: 34685
 U)nfreed bytes totals      : 33919

============= MEMWATCH 2.71 Copyright (C) 1992-1999 Johan Lindh =============

Started at Sun Nov 22 15:56:08 2015

Modes: __STDC__ 64-bit mwDWORD==(unsigned int)
mwROUNDALLOC==8 sizeof(mwData)==56 mwDataSize==56


Stopped at Sun Nov 22 15:56:08 2015

unfreed: <135> procnanny.client.c(50), 128 bytes at 0x244c6e0  	{FE FE FE FE FE FE FE FE FE FE FE FE FE FE FE FE ................}
unfreed: <134> procnanny.client.c(50), 128 bytes at 0x244c610  	{FE FE FE FE FE FE FE FE FE FE FE FE FE FE FE FE ................}
unfreed: <133> procnanny.client.c(50), 128 bytes at 0x244c540  	{FE FE FE FE FE FE FE FE FE FE FE FE FE FE FE FE ................}
unfreed: <132> procnanny.client.c(50), 128 bytes at 0x244c470  	{FE FE FE FE FE FE FE FE FE FE FE FE FE FE FE FE ................}
unfreed: <131> procnanny.client.c(50), 128 bytes at 0x244c3a0  	{FE FE FE FE FE FE FE FE FE FE FE FE FE FE FE FE ................}
unfreed: <130> procnanny.client.c(50), 128 bytes at 0x244c2d0  	{FE FE FE FE FE FE FE FE FE FE FE FE FE FE FE FE ................}
unfreed: <129> procnanny.client.c(50), 128 bytes at 0x244c200  	{FE FE FE FE FE FE FE FE FE FE FE FE FE FE FE FE ................}
unfreed: <128> procnanny.client.c(50), 128 bytes at 0x244c130  	{FE FE FE FE FE FE FE FE FE FE FE FE FE FE FE FE ................}
unfreed: <127> procnanny.client.c(50), 128 bytes at 0x244c060  	{FE FE FE FE FE FE FE FE FE FE FE FE FE FE FE FE ................}
unfreed: <126> procnanny.client.c(50), 128 bytes at 0x244bf90  	{FE FE FE FE FE FE FE FE FE FE FE FE FE FE FE FE ................}
unfreed: <125> procnanny.client.c(50), 128 bytes at 0x244bec0  	{FE FE FE FE FE FE FE FE FE FE FE FE FE FE FE FE ................}
unfreed: <124> procnanny.client.c(50), 128 bytes at 0x244bdf0  	{FE FE FE FE FE FE FE FE FE FE FE FE FE FE FE FE ................}
unfreed: <123> procnanny.client.c(50), 128 bytes at 0x244bd20  	{FE FE FE FE FE FE FE FE FE FE FE FE FE FE FE FE ................}
unfreed: <122> procnanny.client.c(50), 128 bytes at 0x244bc50  	{FE FE FE FE FE FE FE FE FE FE FE FE FE FE FE FE ................}
unfreed: <121> procnanny.client.c(50), 128 bytes at 0x244bb80  	{FE FE FE FE FE FE FE FE FE FE FE FE FE FE FE FE ................}
unfreed: <120> procnanny.client.c(50), 128 bytes at 0x244bab0  	{FE FE FE FE FE FE FE FE FE FE FE FE FE FE FE FE ................}
unfreed: <119> procnanny.client.c(50), 128 bytes at 0x244b9e0  	{FE FE FE FE FE FE FE FE FE FE FE FE FE FE FE FE ................}
unfreed: <118> procnanny.client.c(50), 128 bytes at 0x244b910  	{FE FE FE FE FE FE FE FE FE FE FE FE FE FE FE FE ................}
unfreed: <117> procnanny.client.c(50), 128 bytes at 0x244b840  	{FE FE FE FE FE FE FE FE FE FE FE FE FE FE FE FE ................}
unfreed: <116> procnanny.client.c(50), 128 bytes at 0x244b770  	{FE FE FE FE FE FE FE FE FE FE FE FE FE FE FE FE ................}
unfreed: <115> procnanny.client.c(50), 128 bytes at 0x244b6a0  	{FE FE FE FE FE FE FE FE FE FE FE FE FE FE FE FE ................}
unfreed: <114> procnanny.client.c(50), 128 bytes at 0x244b5d0  	{FE FE FE FE FE FE FE FE FE FE FE FE FE FE FE FE ................}
unfreed: <113> procnanny.client.c(50), 128 bytes at 0x244b500  	{FE FE FE FE FE FE FE FE FE FE FE FE FE FE FE FE ................}
unfreed: <112> procnanny.client.c(50), 128 bytes at 0x244b430  	{FE FE FE FE FE FE FE FE FE FE FE FE FE FE FE FE ................}
unfreed: <111> procnanny.client.c(50), 128 bytes at 0x244b360  	{FE FE FE FE FE FE FE FE FE FE FE FE FE FE FE FE ................}
unfreed: <110> procnanny.client.c(50), 128 bytes at 0x244b290  	{FE FE FE FE FE FE FE FE FE FE FE FE FE FE FE FE ................}
unfreed: <109> procnanny.client.c(50), 128 bytes at 0x244b1c0  	{FE FE FE FE FE FE FE FE FE FE FE FE FE FE FE FE ................}
unfreed: <108> procnanny.client.c(50), 128 bytes at 0x244b0f0  	{FE FE FE FE FE FE FE FE FE FE FE FE FE FE FE FE ................}
unfreed: <107> procnanny.client.c(50), 128 bytes at 0x244b020  	{FE FE FE FE FE FE FE FE FE FE FE FE FE FE FE FE ................}
unfreed: <106> procnanny.client.c(50), 128 bytes at 0x244af50  	{FE FE FE FE FE FE FE FE FE FE FE FE FE FE FE FE ................}
unfreed: <105> procnanny.client.c(50), 128 bytes at 0x244ae80  	{FE FE FE FE FE FE FE FE FE FE FE FE FE FE FE FE ................}
unfreed: <104> procnanny.client.c(50), 128 bytes at 0x244adb0  	{FE FE FE FE FE FE FE FE FE FE FE FE FE FE FE FE ................}
unfreed: <103> procnanny.client.c(50), 128 bytes at 0x244ace0  	{FE FE FE FE FE FE FE FE FE FE FE FE FE FE FE FE ................}
unfreed: <102> procnanny.client.c(50), 128 bytes at 0x244ac10  	{FE FE FE FE FE FE FE FE FE FE FE FE FE FE FE FE ................}
unfreed: <101> procnanny.client.c(50), 128 bytes at 0x244ab40  	{FE FE FE FE FE FE FE FE FE FE FE FE FE FE FE FE ................}
unfreed: <100> procnanny.client.c(50), 128 bytes at 0x244aa70  	{FE FE FE FE FE FE FE FE FE FE FE FE FE FE FE FE ................}
unfreed: <99> procnanny.client.c(50), 128 bytes at 0x244a9a0  	{FE FE FE FE FE FE FE FE FE FE FE FE FE FE FE FE ................}
unfreed: <98> procnanny.client.c(50), 128 bytes at 0x244a8d0  	{FE FE FE FE FE FE FE FE FE FE FE FE FE FE FE FE ................}
unfreed: <97> procnanny.client.c(50), 128 bytes at 0x244a800  	{FE FE FE FE FE FE FE FE FE FE FE FE FE FE FE FE ................}
unfreed: <96> procnanny.client.c(50), 128 bytes at 0x244a730  	{FE FE FE FE FE FE FE FE FE FE FE FE FE FE FE FE ................}
unfreed: <95> procnanny.client.c(50), 128 bytes at 0x244a660  	{FE FE FE FE FE FE FE FE FE FE FE FE FE FE FE FE ................}
unfreed: <94> procnanny.client.c(50), 128 bytes at 0x244a590  	{FE FE FE FE FE FE FE FE FE FE FE FE FE FE FE FE ................}
unfreed: <93> procnanny.client.c(50), 128 bytes at 0x244a4c0  	{FE FE FE FE FE FE FE FE FE FE FE FE FE FE FE FE ................}
unfreed: <92> procnanny.client.c(50), 128 bytes at 0x244a3f0  	{FE FE FE FE FE FE FE FE FE FE FE FE FE FE FE FE ................}
unfreed: <91> procnanny.client.c(50), 128 bytes at 0x244a320  	{FE FE FE FE FE FE FE FE FE FE FE FE FE FE FE FE ................}
unfreed: <90> procnanny.client.c(50), 128 bytes at 0x244a250  	{FE FE FE FE FE FE FE FE FE FE FE FE FE FE FE FE ................}
unfreed: <89> procnanny.client.c(50), 128 bytes at 0x244a180  	{FE FE FE FE FE FE FE FE FE FE FE FE FE FE FE FE ................}
unfreed: <88> procnanny.client.c(50), 128 bytes at 0x244a0b0  	{FE FE FE FE FE FE FE FE FE FE FE FE FE FE FE FE ................}
unfreed: <87> procnanny.client.c(50), 128 bytes at 0x2449fe0  	{FE FE FE FE FE FE FE FE FE FE FE FE FE FE FE FE ................}
unfreed: <86> procnanny.client.c(50), 128 bytes at 0x2449f10  	{FE FE FE FE FE FE FE FE FE FE FE FE FE FE FE FE ................}
unfreed: <85> procnanny.client.c(50), 128 bytes at 0x2449e40  	{FE FE FE FE FE FE FE FE FE FE FE FE FE FE FE FE ................}
unfreed: <84> procnanny.client.c(50), 128 bytes at 0x2449d70  	{FE FE FE FE FE FE FE FE FE FE FE FE FE FE FE FE ................}
unfreed: <83> procnanny.client.c(50), 128 bytes at 0x2449ca0  	{FE FE FE FE FE FE FE FE FE FE FE FE FE FE FE FE ................}
unfreed: <82> procnanny.client.c(50), 128 bytes at 0x2449bd0  	{FE FE FE FE FE FE FE FE FE FE FE FE FE FE FE FE ................}
unfreed: <81> procnanny.client.c(50), 128 bytes at 0x2449b00  	{FE FE FE FE FE FE FE FE FE FE FE FE FE FE FE FE ................}
unfreed: <80> procnanny.client.c(50), 128 bytes at 0x2449a30  	{FE FE FE FE FE FE FE FE FE FE FE FE FE FE FE FE ................}
unfreed: <79> procnanny.client.c(50), 128 bytes at 0x2449960  	{FE FE FE FE FE FE FE FE FE FE FE FE FE FE FE FE ................}
unfreed: <78> procnanny.client.c(50), 128 bytes at 0x2449890  	{FE FE FE FE FE FE FE FE FE FE FE FE FE FE FE FE ................}
unfreed: <77> procnanny.client.c(50), 128 bytes at 0x24497c0  	{FE FE FE FE FE FE FE FE FE FE FE FE FE FE FE FE ................}
unfreed: <76> procnanny.client.c(50), 128 bytes at 0x24496f0  	{FE FE FE FE FE FE FE FE FE FE FE FE FE FE FE FE ................}
unfreed: <75> procnanny.client.c(50), 128 bytes at 0x2449620  	{FE FE FE FE FE FE FE FE FE FE FE FE FE FE FE FE ................}
unfreed: <74> procnanny.client.c(50), 128 bytes at 0x2449550  	{FE FE FE FE FE FE FE FE FE FE FE FE FE FE FE FE ................}
unfreed: <73> procnanny.client.c(50), 128 bytes at 0x2449480  	{FE FE FE FE FE FE FE FE FE FE FE FE FE FE FE FE ................}
unfreed: <72> procnanny.client.c(50), 128 bytes at 0x24493b0  	{FE FE FE FE FE FE FE FE FE FE FE FE FE FE FE FE ................}
unfreed: <71> procnanny.client.c(50), 128 bytes at 0x24492e0  	{FE FE FE FE FE FE FE FE FE FE FE FE FE FE FE FE ................}
unfreed: <70> procnanny.client.c(50), 128 bytes at 0x2449210  	{FE FE FE FE FE FE FE FE FE FE FE FE FE FE FE FE ................}
unfreed: <69> procnanny.client.c(50), 128 bytes at 0x2449140  	{FE FE FE FE FE FE FE FE FE FE FE FE FE FE FE FE ................}
unfreed: <68> procnanny.client.c(50), 128 bytes at 0x2449070  	{FE FE FE FE FE FE FE FE FE FE FE FE FE FE FE FE ................}
unfreed: <67> procnanny.client.c(50), 128 bytes at 0x2448fa0  	{FE FE FE FE FE FE FE FE FE FE FE FE FE FE FE FE ................}
unfreed: <66> procnanny.client.c(50), 128 bytes at 0x2448ed0  	{FE FE FE FE FE FE FE FE FE FE FE FE FE FE FE FE ................}
unfreed: <65> procnanny.client.c(50), 128 bytes at 0x2448e00  	{FE FE FE FE FE FE FE FE FE FE FE FE FE FE FE FE ................}
unfreed: <64> procnanny.client.c(50), 128 bytes at 0x2448d30  	{FE FE FE FE FE FE FE FE FE FE FE FE FE FE FE FE ................}
unfreed: <63> procnanny.client.c(50), 128 bytes at 0x2448c60  	{FE FE FE FE FE FE FE FE FE FE FE FE FE FE FE FE ................}
unfreed: <62> procnanny.client.c(50), 128 bytes at 0x2448b90  	{FE FE FE FE FE FE FE FE FE FE FE FE FE FE FE FE ................}
unfreed: <61> procnanny.client.c(50), 128 bytes at 0x2448ac0  	{FE FE FE FE FE FE FE FE FE FE FE FE FE FE FE FE ................}
unfreed: <60> procnanny.client.c(50), 128 bytes at 0x24489f0  	{FE FE FE FE FE FE FE FE FE FE FE FE FE FE FE FE ................}
unfreed: <59> procnanny.client.c(50), 128 bytes at 0x2448920  	{FE FE FE FE FE FE FE FE FE FE FE FE FE FE FE FE ................}
unfreed: <58> procnanny.client.c(50), 128 bytes at 0x2448850  	{FE FE FE FE FE FE FE FE FE FE FE FE FE FE FE FE ................}
unfreed: <57> procnanny.client.c(50), 128 bytes at 0x2448780  	{FE FE FE FE FE FE FE FE FE FE FE FE FE FE FE FE ................}
unfreed: <56> procnanny.client.c(50), 128 bytes at 0x24486b0  	{FE FE FE FE FE FE FE FE FE FE FE FE FE FE FE FE ................}
unfreed: <55> procnanny.client.c(50), 128 bytes at 0x24485e0  	{FE FE FE FE FE FE FE FE FE FE FE FE FE FE FE FE ................}
unfreed: <54> procnanny.client.c(50), 128 bytes at 0x2448510  	{FE FE FE FE FE FE FE FE FE FE FE FE FE FE FE FE ................}
unfreed: <53> procnanny.client.c(50), 128 bytes at 0x2448440  	{FE FE FE FE FE FE FE FE FE FE FE FE FE FE FE FE ................}
unfreed: <52> procnanny.client.c(50), 128 bytes at 0x2448370  	{FE FE FE FE FE FE FE FE FE FE FE FE FE FE FE FE ................}
unfreed: <51> procnanny.client.c(50), 128 bytes at 0x24482a0  	{FE FE FE FE FE FE FE FE FE FE FE FE FE FE FE FE ................}
unfreed: <50> procnanny.client.c(50), 128 bytes at 0x24481d0  	{FE FE FE FE FE FE FE FE FE FE FE FE FE FE FE FE ................}
unfreed: <49> procnanny.client.c(50), 128 bytes at 0x2448100  	{FE FE FE FE FE FE FE FE FE FE FE FE FE FE FE FE ................}
unfreed: <48> procnanny.client.c(50), 128 bytes at 0x2448030  	{FE FE FE FE FE FE FE FE FE FE FE FE FE FE FE FE ................}
unfreed: <47> procnanny.client.c(50), 128 bytes at 0x2447f60  	{FE FE FE FE FE FE FE FE FE FE FE FE FE FE FE FE ................}
unfreed: <46> procnanny.client.c(50), 128 bytes at 0x2447e90  	{FE FE FE FE FE FE FE FE FE FE FE FE FE FE FE FE ................}
unfreed: <45> procnanny.client.c(50), 128 bytes at 0x2447dc0  	{FE FE FE FE FE FE FE FE FE FE FE FE FE FE FE FE ................}
unfreed: <44> procnanny.client.c(50), 128 bytes at 0x2447cf0  	{FE FE FE FE FE FE FE FE FE FE FE FE FE FE FE FE ................}
unfreed: <43> procnanny.client.c(50), 128 bytes at 0x2447c20  	{FE FE FE FE FE FE FE FE FE FE FE FE FE FE FE FE ................}
unfreed: <42> procnanny.client.c(50), 128 bytes at 0x2447b50  	{FE FE FE FE FE FE FE FE FE FE FE FE FE FE FE FE ................}
unfreed: <41> procnanny.client.c(50), 128 bytes at 0x2447a80  	{FE FE FE FE FE FE FE FE FE FE FE FE FE FE FE FE ................}
unfreed: <40> procnanny.client.c(50), 128 bytes at 0x24479b0  	{FE FE FE FE FE FE FE FE FE FE FE FE FE FE FE FE ................}
unfreed: <39> procnanny.client.c(50), 128 bytes at 0x24478e0  	{FE FE FE FE FE FE FE FE FE FE FE FE FE FE FE FE ................}
unfreed: <38> procnanny.client.c(50), 128 bytes at 0x2447810  	{FE FE FE FE FE FE FE FE FE FE FE FE FE FE FE FE ................}
unfreed: <37> procnanny.client.c(50), 128 bytes at 0x2447740  	{FE FE FE FE FE FE FE FE FE FE FE FE FE FE FE FE ................}
unfreed: <36> procnanny.client.c(50), 128 bytes at 0x2447670  	{FE FE FE FE FE FE FE FE FE FE FE FE FE FE FE FE ................}
unfreed: <35> procnanny.client.c(50), 128 bytes at 0x24475a0  	{FE FE FE FE FE FE FE FE FE FE FE FE FE FE FE FE ................}
unfreed: <34> procnanny.client.c(50), 128 bytes at 0x24474d0  	{FE FE FE FE FE FE FE FE FE FE FE FE FE FE FE FE ................}
unfreed: <33> procnanny.client.c(50), 128 bytes at 0x2447400  	{FE FE FE FE FE FE FE FE FE FE FE FE FE FE FE FE ................}
unfreed: <32> procnanny.client.c(50), 128 bytes at 0x2447330  	{FE FE FE FE FE FE FE FE FE FE FE FE FE FE FE FE ................}
unfreed: <31> procnanny.client.c(50), 128 bytes at 0x2447260  	{FE FE FE FE FE FE FE FE FE FE FE FE FE FE FE FE ................}
unfreed: <30> procnanny.client.c(50), 128 bytes at 0x2447190  	{FE FE FE FE FE FE FE FE FE FE FE FE FE FE FE FE ................}
unfreed: <29> procnanny.client.c(50), 128 bytes at 0x24470c0  	{FE FE FE FE FE FE FE FE FE FE FE FE FE FE FE FE ................}
unfreed: <28> procnanny.client.c(50), 128 bytes at 0x2446ff0  	{FE FE FE FE FE FE FE FE FE FE FE FE FE FE FE FE ................}
unfreed: <27> procnanny.client.c(50), 128 bytes at 0x2446f20  	{FE FE FE FE FE FE FE FE FE FE FE FE FE FE FE FE ................}
unfreed: <26> procnanny.client.c(50), 128 bytes at 0x2446e50  	{FE FE FE FE FE FE FE FE FE FE FE FE FE FE FE FE ................}
unfreed: <25> procnanny.client.c(50), 128 bytes at 0x2446d80  	{FE FE FE FE FE FE FE FE FE FE FE FE FE FE FE FE ................}
unfreed: <24> procnanny.client.c(50), 128 bytes at 0x2446cb0  	{FE FE FE FE FE FE FE FE FE FE FE FE FE FE FE FE ................}
unfreed: <23> procnanny.client.c(50), 128 bytes at 0x2446be0  	{FE FE FE FE FE FE FE FE FE FE FE FE FE FE FE FE ................}
unfreed: <22> procnanny.client.c(50), 128 bytes at 0x2446b10  	{FE FE FE FE FE FE FE FE FE FE FE FE FE FE FE FE ................}
unfreed: <21> procnanny.client.c(50), 128 bytes at 0x2446a40  	{FE FE FE FE FE FE FE FE FE FE FE FE FE FE FE FE ................}
unfreed: <20> procnanny.client.c(50), 128 bytes at 0x2446970  	{FE FE FE FE FE FE FE FE FE FE FE FE FE FE FE FE ................}
unfreed: <19> procnanny.client.c(50), 128 bytes at 0x24468a0  	{FE FE FE FE FE FE FE FE FE FE FE FE FE FE FE FE ................}
unfreed: <18> procnanny.client.c(50), 128 bytes at 0x24467d0  	{FE FE FE FE FE FE FE FE FE FE FE FE FE FE FE FE ................}
unfreed: <17> procnanny.client.c(50), 128 bytes at 0x2446700  	{FE FE FE FE FE FE FE FE FE FE FE FE FE FE FE FE ................}
unfreed: <16> procnanny.client.c(50), 128 bytes at 0x2446630  	{FE FE FE FE FE FE FE FE FE FE FE FE FE FE FE FE ................}
unfreed: <15> procnanny.client.c(50), 128 bytes at 0x2446560  	{FE FE FE FE FE FE FE FE FE FE FE FE FE FE FE FE ................}
unfreed: <14> procnanny.client.c(50), 128 bytes at 0x2446490  	{FE FE FE FE FE FE FE FE FE FE FE FE FE FE FE FE ................}
unfreed: <13> procnanny.client.c(50), 128 bytes at 0x24463c0  	{FE FE FE FE FE FE FE FE FE FE FE FE FE FE FE FE ................}
unfreed: <12> procnanny.client.c(50), 128 bytes at 0x24462f0  	{FE FE FE FE FE FE FE FE FE FE FE FE FE FE FE FE ................}
unfreed: <11> procnanny.client.c(50), 128 bytes at 0x2446220  	{FE FE FE FE FE FE FE FE FE FE FE FE FE FE FE FE ................}
unfreed: <10> procnanny.client.c(50), 128 bytes at 0x2446150  	{FE FE FE FE FE FE FE FE FE FE FE FE FE FE FE FE ................}
unfreed: <9> procnanny.client.c(50), 128 bytes at 0x2446080  	{FE FE FE FE FE FE FE FE FE FE FE FE FE FE FE FE ................}
unfreed: <8> procnanny.client.c(50), 128 bytes at 0x2445fb0  	{FE FE FE FE FE FE FE FE FE FE FE FE FE FE FE FE ................}
unfreed: <7> procnanny.client.c(47), 16896 bytes at 0x2441d60  	{B0 5F 44 02 00 00 00 00 FE FE FE FE FE FE FE FE ._D.............}
unfreed: <6> procnanny.client.c(46), 128 bytes at 0x2441c90  	{FE FE FE FE FE FE FE FE FE FE FE FE FE FE FE FE ................}
unfreed: <5> procnanny.client.c(45), 128 bytes at 0x2441bc0  	{FE FE FE FE FE FE FE FE FE FE FE FE FE FE FE FE ................}
unfreed: <4> procnanny.client.c(44), 128 bytes at 0x2441af0  	{FE FE FE FE FE FE FE FE FE FE FE FE FE FE FE FE ................}
unfreed: <1> procnanny.client.c(24), 255 bytes at 0x2441350  	{5B 53 75 6E 20 4E 6F 76 20 32 32 20 31 35 3A 35 [Sun Nov 22 15:5}

Memory usage statistics (global):
 N)umber of allocations made: 137
 L)argest memory usage      : 34430
 T)otal of all alloc() calls: 34685
 U)nfreed bytes totals      : 33919

============= MEMWATCH 2.71 Copyright (C) 1992-1999 Johan Lindh =============

Started at Sun Nov 22 15:56:48 2015

Modes: __STDC__ 64-bit mwDWORD==(unsigned int)
mwROUNDALLOC==8 sizeof(mwData)==56 mwDataSize==56


Stopped at Sun Nov 22 15:56:48 2015

unfreed: <11> procnanny.server.c(166), 255 bytes at 0x1525c40  	{28 74 65 73 74 20 35 29 28 61 2E 6F 75 74 20 31 (test 5)(a.out 1}
unfreed: <4> procnanny.server.c(33), 255 bytes at 0x1525af0  	{63 6F 6E 66 69 67 00 FE FE FE FE FE FE FE FE FE config..........}
unfreed: <3> procnanny.server.c(32), 255 bytes at 0x1525350  	{5B 53 75 6E 20 4E 6F 76 20 32 32 20 31 35 3A 35 [Sun Nov 22 15:5}

Memory usage statistics (global):
 N)umber of allocations made: 12
 L)argest memory usage      : 1276
 T)otal of all alloc() calls: 2552
 U)nfreed bytes totals      : 765

============= MEMWATCH 2.71 Copyright (C) 1992-1999 Johan Lindh =============

Started at Sun Nov 22 15:57:13 2015

Modes: __STDC__ 64-bit mwDWORD==(unsigned int)
mwROUNDALLOC==8 sizeof(mwData)==56 mwDataSize==56


Stopped at Sun Nov 22 15:57:39 2015


Memory usage statistics (global):
 N)umber of allocations made: 32
 L)argest memory usage      : 1275
 T)otal of all alloc() calls: 7670
 U)nfreed bytes totals      : 0

============= MEMWATCH 2.71 Copyright (C) 1992-1999 Johan Lindh =============

Started at Sun Nov 22 15:57:59 2015

Modes: __STDC__ 64-bit mwDWORD==(unsigned int)
mwROUNDALLOC==8 sizeof(mwData)==56 mwDataSize==56


Stopped at Sun Nov 22 15:59:56 2015


Memory usage statistics (global):
 N)umber of allocations made: 161
 L)argest memory usage      : 34430
 T)otal of all alloc() calls: 39792
 U)nfreed bytes totals      : 0

============= MEMWATCH 2.71 Copyright (C) 1992-1999 Johan Lindh =============

Started at Sun Nov 22 15:57:54 2015

Modes: __STDC__ 64-bit mwDWORD==(unsigned int)
mwROUNDALLOC==8 sizeof(mwData)==56 mwDataSize==56


Stopped at Sun Nov 22 15:59:56 2015


Memory usage statistics (global):
 N)umber of allocations made: 34
 L)argest memory usage      : 1530
 T)otal of all alloc() calls: 7666
 U)nfreed bytes totals      : 0

============= MEMWATCH 2.71 Copyright (C) 1992-1999 Johan Lindh =============

Started at Sun Nov 22 16:00:02 2015

Modes: __STDC__ 64-bit mwDWORD==(unsigned int)
mwROUNDALLOC==8 sizeof(mwData)==56 mwDataSize==56


Stopped at Sun Nov 22 16:00:02 2015

unfreed: <11> procnanny.server.c(166), 255 bytes at 0xbb4c40  	{28 74 65 73 74 20 35 29 28 61 2E 6F 75 74 20 31 (test 5)(a.out 1}
unfreed: <4> procnanny.server.c(33), 255 bytes at 0xbb4af0  	{63 6F 6E 66 69 67 00 FE FE FE FE FE FE FE FE FE config..........}
unfreed: <3> procnanny.server.c(32), 255 bytes at 0xbb4350  	{5B 53 75 6E 20 4E 6F 76 20 32 32 20 31 36 3A 30 [Sun Nov 22 16:0}

Memory usage statistics (global):
 N)umber of allocations made: 12
 L)argest memory usage      : 1276
 T)otal of all alloc() calls: 2552
 U)nfreed bytes totals      : 765

============= MEMWATCH 2.71 Copyright (C) 1992-1999 Johan Lindh =============

Started at Sun Nov 22 16:00:07 2015

Modes: __STDC__ 64-bit mwDWORD==(unsigned int)
mwROUNDALLOC==8 sizeof(mwData)==56 mwDataSize==56


Stopped at Sun Nov 22 16:00:07 2015

unfreed: <135> procnanny.client.c(50), 128 bytes at 0x8ea6e0  	{FE FE FE FE FE FE FE FE FE FE FE FE FE FE FE FE ................}
unfreed: <134> procnanny.client.c(50), 128 bytes at 0x8ea610  	{FE FE FE FE FE FE FE FE FE FE FE FE FE FE FE FE ................}
unfreed: <133> procnanny.client.c(50), 128 bytes at 0x8ea540  	{FE FE FE FE FE FE FE FE FE FE FE FE FE FE FE FE ................}
unfreed: <132> procnanny.client.c(50), 128 bytes at 0x8ea470  	{FE FE FE FE FE FE FE FE FE FE FE FE FE FE FE FE ................}
unfreed: <131> procnanny.client.c(50), 128 bytes at 0x8ea3a0  	{FE FE FE FE FE FE FE FE FE FE FE FE FE FE FE FE ................}
unfreed: <130> procnanny.client.c(50), 128 bytes at 0x8ea2d0  	{FE FE FE FE FE FE FE FE FE FE FE FE FE FE FE FE ................}
unfreed: <129> procnanny.client.c(50), 128 bytes at 0x8ea200  	{FE FE FE FE FE FE FE FE FE FE FE FE FE FE FE FE ................}
unfreed: <128> procnanny.client.c(50), 128 bytes at 0x8ea130  	{FE FE FE FE FE FE FE FE FE FE FE FE FE FE FE FE ................}
unfreed: <127> procnanny.client.c(50), 128 bytes at 0x8ea060  	{FE FE FE FE FE FE FE FE FE FE FE FE FE FE FE FE ................}
unfreed: <126> procnanny.client.c(50), 128 bytes at 0x8e9f90  	{FE FE FE FE FE FE FE FE FE FE FE FE FE FE FE FE ................}
unfreed: <125> procnanny.client.c(50), 128 bytes at 0x8e9ec0  	{FE FE FE FE FE FE FE FE FE FE FE FE FE FE FE FE ................}
unfreed: <124> procnanny.client.c(50), 128 bytes at 0x8e9df0  	{FE FE FE FE FE FE FE FE FE FE FE FE FE FE FE FE ................}
unfreed: <123> procnanny.client.c(50), 128 bytes at 0x8e9d20  	{FE FE FE FE FE FE FE FE FE FE FE FE FE FE FE FE ................}
unfreed: <122> procnanny.client.c(50), 128 bytes at 0x8e9c50  	{FE FE FE FE FE FE FE FE FE FE FE FE FE FE FE FE ................}
unfreed: <121> procnanny.client.c(50), 128 bytes at 0x8e9b80  	{FE FE FE FE FE FE FE FE FE FE FE FE FE FE FE FE ................}
unfreed: <120> procnanny.client.c(50), 128 bytes at 0x8e9ab0  	{FE FE FE FE FE FE FE FE FE FE FE FE FE FE FE FE ................}
unfreed: <119> procnanny.client.c(50), 128 bytes at 0x8e99e0  	{FE FE FE FE FE FE FE FE FE FE FE FE FE FE FE FE ................}
unfreed: <118> procnanny.client.c(50), 128 bytes at 0x8e9910  	{FE FE FE FE FE FE FE FE FE FE FE FE FE FE FE FE ................}
unfreed: <117> procnanny.client.c(50), 128 bytes at 0x8e9840  	{FE FE FE FE FE FE FE FE FE FE FE FE FE FE FE FE ................}
unfreed: <116> procnanny.client.c(50), 128 bytes at 0x8e9770  	{FE FE FE FE FE FE FE FE FE FE FE FE FE FE FE FE ................}
unfreed: <115> procnanny.client.c(50), 128 bytes at 0x8e96a0  	{FE FE FE FE FE FE FE FE FE FE FE FE FE FE FE FE ................}
unfreed: <114> procnanny.client.c(50), 128 bytes at 0x8e95d0  	{FE FE FE FE FE FE FE FE FE FE FE FE FE FE FE FE ................}
unfreed: <113> procnanny.client.c(50), 128 bytes at 0x8e9500  	{FE FE FE FE FE FE FE FE FE FE FE FE FE FE FE FE ................}
unfreed: <112> procnanny.client.c(50), 128 bytes at 0x8e9430  	{FE FE FE FE FE FE FE FE FE FE FE FE FE FE FE FE ................}
unfreed: <111> procnanny.client.c(50), 128 bytes at 0x8e9360  	{FE FE FE FE FE FE FE FE FE FE FE FE FE FE FE FE ................}
unfreed: <110> procnanny.client.c(50), 128 bytes at 0x8e9290  	{FE FE FE FE FE FE FE FE FE FE FE FE FE FE FE FE ................}
unfreed: <109> procnanny.client.c(50), 128 bytes at 0x8e91c0  	{FE FE FE FE FE FE FE FE FE FE FE FE FE FE FE FE ................}
unfreed: <108> procnanny.client.c(50), 128 bytes at 0x8e90f0  	{FE FE FE FE FE FE FE FE FE FE FE FE FE FE FE FE ................}
unfreed: <107> procnanny.client.c(50), 128 bytes at 0x8e9020  	{FE FE FE FE FE FE FE FE FE FE FE FE FE FE FE FE ................}
unfreed: <106> procnanny.client.c(50), 128 bytes at 0x8e8f50  	{FE FE FE FE FE FE FE FE FE FE FE FE FE FE FE FE ................}
unfreed: <105> procnanny.client.c(50), 128 bytes at 0x8e8e80  	{FE FE FE FE FE FE FE FE FE FE FE FE FE FE FE FE ................}
unfreed: <104> procnanny.client.c(50), 128 bytes at 0x8e8db0  	{FE FE FE FE FE FE FE FE FE FE FE FE FE FE FE FE ................}
unfreed: <103> procnanny.client.c(50), 128 bytes at 0x8e8ce0  	{FE FE FE FE FE FE FE FE FE FE FE FE FE FE FE FE ................}
unfreed: <102> procnanny.client.c(50), 128 bytes at 0x8e8c10  	{FE FE FE FE FE FE FE FE FE FE FE FE FE FE FE FE ................}
unfreed: <101> procnanny.client.c(50), 128 bytes at 0x8e8b40  	{FE FE FE FE FE FE FE FE FE FE FE FE FE FE FE FE ................}
unfreed: <100> procnanny.client.c(50), 128 bytes at 0x8e8a70  	{FE FE FE FE FE FE FE FE FE FE FE FE FE FE FE FE ................}
unfreed: <99> procnanny.client.c(50), 128 bytes at 0x8e89a0  	{FE FE FE FE FE FE FE FE FE FE FE FE FE FE FE FE ................}
unfreed: <98> procnanny.client.c(50), 128 bytes at 0x8e88d0  	{FE FE FE FE FE FE FE FE FE FE FE FE FE FE FE FE ................}
unfreed: <97> procnanny.client.c(50), 128 bytes at 0x8e8800  	{FE FE FE FE FE FE FE FE FE FE FE FE FE FE FE FE ................}
unfreed: <96> procnanny.client.c(50), 128 bytes at 0x8e8730  	{FE FE FE FE FE FE FE FE FE FE FE FE FE FE FE FE ................}
unfreed: <95> procnanny.client.c(50), 128 bytes at 0x8e8660  	{FE FE FE FE FE FE FE FE FE FE FE FE FE FE FE FE ................}
unfreed: <94> procnanny.client.c(50), 128 bytes at 0x8e8590  	{FE FE FE FE FE FE FE FE FE FE FE FE FE FE FE FE ................}
unfreed: <93> procnanny.client.c(50), 128 bytes at 0x8e84c0  	{FE FE FE FE FE FE FE FE FE FE FE FE FE FE FE FE ................}
unfreed: <92> procnanny.client.c(50), 128 bytes at 0x8e83f0  	{FE FE FE FE FE FE FE FE FE FE FE FE FE FE FE FE ................}
unfreed: <91> procnanny.client.c(50), 128 bytes at 0x8e8320  	{FE FE FE FE FE FE FE FE FE FE FE FE FE FE FE FE ................}
unfreed: <90> procnanny.client.c(50), 128 bytes at 0x8e8250  	{FE FE FE FE FE FE FE FE FE FE FE FE FE FE FE FE ................}
unfreed: <89> procnanny.client.c(50), 128 bytes at 0x8e8180  	{FE FE FE FE FE FE FE FE FE FE FE FE FE FE FE FE ................}
unfreed: <88> procnanny.client.c(50), 128 bytes at 0x8e80b0  	{FE FE FE FE FE FE FE FE FE FE FE FE FE FE FE FE ................}
unfreed: <87> procnanny.client.c(50), 128 bytes at 0x8e7fe0  	{FE FE FE FE FE FE FE FE FE FE FE FE FE FE FE FE ................}
unfreed: <86> procnanny.client.c(50), 128 bytes at 0x8e7f10  	{FE FE FE FE FE FE FE FE FE FE FE FE FE FE FE FE ................}
unfreed: <85> procnanny.client.c(50), 128 bytes at 0x8e7e40  	{FE FE FE FE FE FE FE FE FE FE FE FE FE FE FE FE ................}
unfreed: <84> procnanny.client.c(50), 128 bytes at 0x8e7d70  	{FE FE FE FE FE FE FE FE FE FE FE FE FE FE FE FE ................}
unfreed: <83> procnanny.client.c(50), 128 bytes at 0x8e7ca0  	{FE FE FE FE FE FE FE FE FE FE FE FE FE FE FE FE ................}
unfreed: <82> procnanny.client.c(50), 128 bytes at 0x8e7bd0  	{FE FE FE FE FE FE FE FE FE FE FE FE FE FE FE FE ................}
unfreed: <81> procnanny.client.c(50), 128 bytes at 0x8e7b00  	{FE FE FE FE FE FE FE FE FE FE FE FE FE FE FE FE ................}
unfreed: <80> procnanny.client.c(50), 128 bytes at 0x8e7a30  	{FE FE FE FE FE FE FE FE FE FE FE FE FE FE FE FE ................}
unfreed: <79> procnanny.client.c(50), 128 bytes at 0x8e7960  	{FE FE FE FE FE FE FE FE FE FE FE FE FE FE FE FE ................}
unfreed: <78> procnanny.client.c(50), 128 bytes at 0x8e7890  	{FE FE FE FE FE FE FE FE FE FE FE FE FE FE FE FE ................}
unfreed: <77> procnanny.client.c(50), 128 bytes at 0x8e77c0  	{FE FE FE FE FE FE FE FE FE FE FE FE FE FE FE FE ................}
unfreed: <76> procnanny.client.c(50), 128 bytes at 0x8e76f0  	{FE FE FE FE FE FE FE FE FE FE FE FE FE FE FE FE ................}
unfreed: <75> procnanny.client.c(50), 128 bytes at 0x8e7620  	{FE FE FE FE FE FE FE FE FE FE FE FE FE FE FE FE ................}
unfreed: <74> procnanny.client.c(50), 128 bytes at 0x8e7550  	{FE FE FE FE FE FE FE FE FE FE FE FE FE FE FE FE ................}
unfreed: <73> procnanny.client.c(50), 128 bytes at 0x8e7480  	{FE FE FE FE FE FE FE FE FE FE FE FE FE FE FE FE ................}
unfreed: <72> procnanny.client.c(50), 128 bytes at 0x8e73b0  	{FE FE FE FE FE FE FE FE FE FE FE FE FE FE FE FE ................}
unfreed: <71> procnanny.client.c(50), 128 bytes at 0x8e72e0  	{FE FE FE FE FE FE FE FE FE FE FE FE FE FE FE FE ................}
unfreed: <70> procnanny.client.c(50), 128 bytes at 0x8e7210  	{FE FE FE FE FE FE FE FE FE FE FE FE FE FE FE FE ................}
unfreed: <69> procnanny.client.c(50), 128 bytes at 0x8e7140  	{FE FE FE FE FE FE FE FE FE FE FE FE FE FE FE FE ................}
unfreed: <68> procnanny.client.c(50), 128 bytes at 0x8e7070  	{FE FE FE FE FE FE FE FE FE FE FE FE FE FE FE FE ................}
unfreed: <67> procnanny.client.c(50), 128 bytes at 0x8e6fa0  	{FE FE FE FE FE FE FE FE FE FE FE FE FE FE FE FE ................}
unfreed: <66> procnanny.client.c(50), 128 bytes at 0x8e6ed0  	{FE FE FE FE FE FE FE FE FE FE FE FE FE FE FE FE ................}
unfreed: <65> procnanny.client.c(50), 128 bytes at 0x8e6e00  	{FE FE FE FE FE FE FE FE FE FE FE FE FE FE FE FE ................}
unfreed: <64> procnanny.client.c(50), 128 bytes at 0x8e6d30  	{FE FE FE FE FE FE FE FE FE FE FE FE FE FE FE FE ................}
unfreed: <63> procnanny.client.c(50), 128 bytes at 0x8e6c60  	{FE FE FE FE FE FE FE FE FE FE FE FE FE FE FE FE ................}
unfreed: <62> procnanny.client.c(50), 128 bytes at 0x8e6b90  	{FE FE FE FE FE FE FE FE FE FE FE FE FE FE FE FE ................}
unfreed: <61> procnanny.client.c(50), 128 bytes at 0x8e6ac0  	{FE FE FE FE FE FE FE FE FE FE FE FE FE FE FE FE ................}
unfreed: <60> procnanny.client.c(50), 128 bytes at 0x8e69f0  	{FE FE FE FE FE FE FE FE FE FE FE FE FE FE FE FE ................}
unfreed: <59> procnanny.client.c(50), 128 bytes at 0x8e6920  	{FE FE FE FE FE FE FE FE FE FE FE FE FE FE FE FE ................}
unfreed: <58> procnanny.client.c(50), 128 bytes at 0x8e6850  	{FE FE FE FE FE FE FE FE FE FE FE FE FE FE FE FE ................}
unfreed: <57> procnanny.client.c(50), 128 bytes at 0x8e6780  	{FE FE FE FE FE FE FE FE FE FE FE FE FE FE FE FE ................}
unfreed: <56> procnanny.client.c(50), 128 bytes at 0x8e66b0  	{FE FE FE FE FE FE FE FE FE FE FE FE FE FE FE FE ................}
unfreed: <55> procnanny.client.c(50), 128 bytes at 0x8e65e0  	{FE FE FE FE FE FE FE FE FE FE FE FE FE FE FE FE ................}
unfreed: <54> procnanny.client.c(50), 128 bytes at 0x8e6510  	{FE FE FE FE FE FE FE FE FE FE FE FE FE FE FE FE ................}
unfreed: <53> procnanny.client.c(50), 128 bytes at 0x8e6440  	{FE FE FE FE FE FE FE FE FE FE FE FE FE FE FE FE ................}
unfreed: <52> procnanny.client.c(50), 128 bytes at 0x8e6370  	{FE FE FE FE FE FE FE FE FE FE FE FE FE FE FE FE ................}
unfreed: <51> procnanny.client.c(50), 128 bytes at 0x8e62a0  	{FE FE FE FE FE FE FE FE FE FE FE FE FE FE FE FE ................}
unfreed: <50> procnanny.client.c(50), 128 bytes at 0x8e61d0  	{FE FE FE FE FE FE FE FE FE FE FE FE FE FE FE FE ................}
unfreed: <49> procnanny.client.c(50), 128 bytes at 0x8e6100  	{FE FE FE FE FE FE FE FE FE FE FE FE FE FE FE FE ................}
unfreed: <48> procnanny.client.c(50), 128 bytes at 0x8e6030  	{FE FE FE FE FE FE FE FE FE FE FE FE FE FE FE FE ................}
unfreed: <47> procnanny.client.c(50), 128 bytes at 0x8e5f60  	{FE FE FE FE FE FE FE FE FE FE FE FE FE FE FE FE ................}
unfreed: <46> procnanny.client.c(50), 128 bytes at 0x8e5e90  	{FE FE FE FE FE FE FE FE FE FE FE FE FE FE FE FE ................}
unfreed: <45> procnanny.client.c(50), 128 bytes at 0x8e5dc0  	{FE FE FE FE FE FE FE FE FE FE FE FE FE FE FE FE ................}
unfreed: <44> procnanny.client.c(50), 128 bytes at 0x8e5cf0  	{FE FE FE FE FE FE FE FE FE FE FE FE FE FE FE FE ................}
unfreed: <43> procnanny.client.c(50), 128 bytes at 0x8e5c20  	{FE FE FE FE FE FE FE FE FE FE FE FE FE FE FE FE ................}
unfreed: <42> procnanny.client.c(50), 128 bytes at 0x8e5b50  	{FE FE FE FE FE FE FE FE FE FE FE FE FE FE FE FE ................}
unfreed: <41> procnanny.client.c(50), 128 bytes at 0x8e5a80  	{FE FE FE FE FE FE FE FE FE FE FE FE FE FE FE FE ................}
unfreed: <40> procnanny.client.c(50), 128 bytes at 0x8e59b0  	{FE FE FE FE FE FE FE FE FE FE FE FE FE FE FE FE ................}
unfreed: <39> procnanny.client.c(50), 128 bytes at 0x8e58e0  	{FE FE FE FE FE FE FE FE FE FE FE FE FE FE FE FE ................}
unfreed: <38> procnanny.client.c(50), 128 bytes at 0x8e5810  	{FE FE FE FE FE FE FE FE FE FE FE FE FE FE FE FE ................}
unfreed: <37> procnanny.client.c(50), 128 bytes at 0x8e5740  	{FE FE FE FE FE FE FE FE FE FE FE FE FE FE FE FE ................}
unfreed: <36> procnanny.client.c(50), 128 bytes at 0x8e5670  	{FE FE FE FE FE FE FE FE FE FE FE FE FE FE FE FE ................}
unfreed: <35> procnanny.client.c(50), 128 bytes at 0x8e55a0  	{FE FE FE FE FE FE FE FE FE FE FE FE FE FE FE FE ................}
unfreed: <34> procnanny.client.c(50), 128 bytes at 0x8e54d0  	{FE FE FE FE FE FE FE FE FE FE FE FE FE FE FE FE ................}
unfreed: <33> procnanny.client.c(50), 128 bytes at 0x8e5400  	{FE FE FE FE FE FE FE FE FE FE FE FE FE FE FE FE ................}
unfreed: <32> procnanny.client.c(50), 128 bytes at 0x8e5330  	{FE FE FE FE FE FE FE FE FE FE FE FE FE FE FE FE ................}
unfreed: <31> procnanny.client.c(50), 128 bytes at 0x8e5260  	{FE FE FE FE FE FE FE FE FE FE FE FE FE FE FE FE ................}
unfreed: <30> procnanny.client.c(50), 128 bytes at 0x8e5190  	{FE FE FE FE FE FE FE FE FE FE FE FE FE FE FE FE ................}
unfreed: <29> procnanny.client.c(50), 128 bytes at 0x8e50c0  	{FE FE FE FE FE FE FE FE FE FE FE FE FE FE FE FE ................}
unfreed: <28> procnanny.client.c(50), 128 bytes at 0x8e4ff0  	{FE FE FE FE FE FE FE FE FE FE FE FE FE FE FE FE ................}
unfreed: <27> procnanny.client.c(50), 128 bytes at 0x8e4f20  	{FE FE FE FE FE FE FE FE FE FE FE FE FE FE FE FE ................}
unfreed: <26> procnanny.client.c(50), 128 bytes at 0x8e4e50  	{FE FE FE FE FE FE FE FE FE FE FE FE FE FE FE FE ................}
unfreed: <25> procnanny.client.c(50), 128 bytes at 0x8e4d80  	{FE FE FE FE FE FE FE FE FE FE FE FE FE FE FE FE ................}
unfreed: <24> procnanny.client.c(50), 128 bytes at 0x8e4cb0  	{FE FE FE FE FE FE FE FE FE FE FE FE FE FE FE FE ................}
unfreed: <23> procnanny.client.c(50), 128 bytes at 0x8e4be0  	{FE FE FE FE FE FE FE FE FE FE FE FE FE FE FE FE ................}
unfreed: <22> procnanny.client.c(50), 128 bytes at 0x8e4b10  	{FE FE FE FE FE FE FE FE FE FE FE FE FE FE FE FE ................}
unfreed: <21> procnanny.client.c(50), 128 bytes at 0x8e4a40  	{FE FE FE FE FE FE FE FE FE FE FE FE FE FE FE FE ................}
unfreed: <20> procnanny.client.c(50), 128 bytes at 0x8e4970  	{FE FE FE FE FE FE FE FE FE FE FE FE FE FE FE FE ................}
unfreed: <19> procnanny.client.c(50), 128 bytes at 0x8e48a0  	{FE FE FE FE FE FE FE FE FE FE FE FE FE FE FE FE ................}
unfreed: <18> procnanny.client.c(50), 128 bytes at 0x8e47d0  	{FE FE FE FE FE FE FE FE FE FE FE FE FE FE FE FE ................}
unfreed: <17> procnanny.client.c(50), 128 bytes at 0x8e4700  	{FE FE FE FE FE FE FE FE FE FE FE FE FE FE FE FE ................}
unfreed: <16> procnanny.client.c(50), 128 bytes at 0x8e4630  	{FE FE FE FE FE FE FE FE FE FE FE FE FE FE FE FE ................}
unfreed: <15> procnanny.client.c(50), 128 bytes at 0x8e4560  	{FE FE FE FE FE FE FE FE FE FE FE FE FE FE FE FE ................}
unfreed: <14> procnanny.client.c(50), 128 bytes at 0x8e4490  	{FE FE FE FE FE FE FE FE FE FE FE FE FE FE FE FE ................}
unfreed: <13> procnanny.client.c(50), 128 bytes at 0x8e43c0  	{FE FE FE FE FE FE FE FE FE FE FE FE FE FE FE FE ................}
unfreed: <12> procnanny.client.c(50), 128 bytes at 0x8e42f0  	{FE FE FE FE FE FE FE FE FE FE FE FE FE FE FE FE ................}
unfreed: <11> procnanny.client.c(50), 128 bytes at 0x8e4220  	{FE FE FE FE FE FE FE FE FE FE FE FE FE FE FE FE ................}
unfreed: <10> procnanny.client.c(50), 128 bytes at 0x8e4150  	{FE FE FE FE FE FE FE FE FE FE FE FE FE FE FE FE ................}
unfreed: <9> procnanny.client.c(50), 128 bytes at 0x8e4080  	{FE FE FE FE FE FE FE FE FE FE FE FE FE FE FE FE ................}
unfreed: <8> procnanny.client.c(50), 128 bytes at 0x8e3fb0  	{FE FE FE FE FE FE FE FE FE FE FE FE FE FE FE FE ................}
unfreed: <7> procnanny.client.c(47), 16896 bytes at 0x8dfd60  	{B0 3F 8E 00 00 00 00 00 FE FE FE FE FE FE FE FE .?..............}
unfreed: <6> procnanny.client.c(46), 128 bytes at 0x8dfc90  	{FE FE FE FE FE FE FE FE FE FE FE FE FE FE FE FE ................}
unfreed: <5> procnanny.client.c(45), 128 bytes at 0x8dfbc0  	{FE FE FE FE FE FE FE FE FE FE FE FE FE FE FE FE ................}
unfreed: <4> procnanny.client.c(44), 128 bytes at 0x8dfaf0  	{FE FE FE FE FE FE FE FE FE FE FE FE FE FE FE FE ................}
unfreed: <1> procnanny.client.c(24), 255 bytes at 0x8df350  	{5B 53 75 6E 20 4E 6F 76 20 32 32 20 31 36 3A 30 [Sun Nov 22 16:0}

Memory usage statistics (global):
 N)umber of allocations made: 137
 L)argest memory usage      : 34430
 T)otal of all alloc() calls: 34685
 U)nfreed bytes totals      : 33919
